0 verbose cli C:\Program Files\nodejs\node.exe C:\Program Files\nodejs\node_modules\npm\bin\npm-cli.js
1 info using npm@11.9.0
2 info using node@v24.14.0
3 silly config load:file:C:\Program Files\nodejs\node_modules\npm\npmrc
4 silly config load:file:C:\Users\Administrator\Desktop\xiaoxm\douban-reborn\.npmrc
5 silly config load:file:C:\Users\Administrator\.npmrc
6 silly config load:file:C:\Users\Administrator\AppData\Roaming\npm\etc\npmrc
7 verbose title npm install tsx
8 verbose argv "install" "--save-dev" "tsx"
9 verbose logfile logs-max:10 dir:c:\Users\Administrator\Desktop\xiaoxm\.npm-cache\_logs\2026-03-13T23_59_23_629Z-
10 verbose logfile c:\Users\Administrator\Desktop\xiaoxm\.npm-cache\_logs\2026-03-13T23_59_23_629Z-debug-0.log
11 silly logfile done cleaning log files
12 silly packumentCache heap:4496293888 maxSize:1124073472 maxEntrySize:562036736
13 silly idealTree buildDeps
14 silly fetch manifest tsx@*
15 silly packumentCache full:https://registry.npmjs.org/tsx cache-miss
16 http fetch GET 200 https://registry.npmjs.org/tsx 2610ms (cache miss)
17 silly packumentCache full:https://registry.npmjs.org/tsx set size:undefined disposed:false
18 silly placeDep ROOT tsx@4.21.0 OK for: douban-reborn@0.1.0 want: *
19 silly fetch manifest esbuild@~0.27.0
20 silly packumentCache full:https://registry.npmjs.org/esbuild cache-miss
21 silly fetch manifest fsevents@~2.3.3
22 silly packumentCache full:https://registry.npmjs.org/fsevents cache-miss
23 http fetch GET 200 https://registry.npmjs.org/esbuild 1217ms (cache miss)
24 silly packumentCache full:https://registry.npmjs.org/esbuild set size:undefined disposed:false
25 http fetch GET 200 https://registry.npmjs.org/fsevents 1903ms (cache miss)
26 silly packumentCache full:https://registry.npmjs.org/fsevents set size:undefined disposed:false
27 silly placeDep ROOT esbuild@0.27.4 OK for: tsx@4.21.0 want: ~0.27.0
28 silly placeDep ROOT fsevents@2.3.3 OK for: tsx@4.21.0 want: ~2.3.3
29 silly fetch manifest @esbuild/aix-ppc64@0.27.4
30 silly packumentCache full:https://registry.npmjs.org/@esbuild%2faix-ppc64 cache-miss
31 silly fetch manifest @esbuild/android-arm@0.27.4
32 silly packumentCache full:https://registry.npmjs.org/@esbuild%2fandroid-arm cache-miss
33 silly fetch manifest @esbuild/android-arm64@0.27.4
34 silly packumentCache full:https://registry.npmjs.org/@esbuild%2fandroid-arm64 cache-miss
35 silly fetch manifest @esbuild/android-x64@0.27.4
36 silly packumentCache full:https://registry.npmjs.org/@esbuild%2fandroid-x64 cache-miss
37 silly fetch manifest @esbuild/darwin-arm64@0.27.4
38 silly packumentCache full:https://registry.npmjs.org/@esbuild%2fdarwin-arm64 cache-miss
39 silly fetch manifest @esbuild/darwin-x64@0.27.4
40 silly packumentCache full:https://registry.npmjs.org/@esbuild%2fdarwin-x64 cache-miss
41 silly fetch manifest @esbuild/freebsd-arm64@0.27.4
42 silly packumentCache full:https://registry.npmjs.org/@esbuild%2ffreebsd-arm64 cache-miss
43 silly fetch manifest @esbuild/freebsd-x64@0.27.4
44 silly packumentCache full:https://registry.npmjs.org/@esbuild%2ffreebsd-x64 cache-miss
45 silly fetch manifest @esbuild/linux-arm@0.27.4
46 silly packumentCache full:https://registry.npmjs.org/@esbuild%2flinux-arm cache-miss
47 silly fetch manifest @esbuild/linux-arm64@0.27.4
48 silly packumentCache full:https://registry.npmjs.org/@esbuild%2flinux-arm64 cache-miss
49 silly fetch manifest @esbuild/linux-ia32@0.27.4
50 silly packumentCache full:https://registry.npmjs.org/@esbuild%2flinux-ia32 cache-miss
51 silly fetch manifest @esbuild/linux-loong64@0.27.4
52 silly packumentCache full:https://registry.npmjs.org/@esbuild%2flinux-loong64 cache-miss
53 silly fetch manifest @esbuild/linux-mips64el@0.27.4
54 silly packumentCache full:https://registry.npmjs.org/@esbuild%2flinux-mips64el cache-miss
55 silly fetch manifest @esbuild/linux-ppc64@0.27.4
56 silly packumentCache full:https://registry.npmjs.org/@esbuild%2flinux-ppc64 cache-miss
57 silly fetch manifest @esbuild/linux-riscv64@0.27.4
58 silly packumentCache full:https://registry.npmjs.org/@esbuild%2flinux-riscv64 cache-miss
59 http fetch GET 200 https://registry.npmjs.org/@esbuild%2faix-ppc64 234ms (cache miss)
60 silly packumentCache full:https://registry.npmjs.org/@esbuild%2faix-ppc64 set size:undefined disposed:false
61 silly fetch manifest @esbuild/linux-s390x@0.27.4
62 silly packumentCache full:https://registry.npmjs.org/@esbuild%2flinux-s390x cache-miss
63 http fetch GET 200 https://registry.npmjs.org/@esbuild%2fandroid-arm 307ms (cache miss)
64 silly packumentCache full:https://registry.npmjs.org/@esbuild%2fandroid-arm set size:undefined disposed:false
65 silly fetch manifest @esbuild/linux-x64@0.27.4
66 silly packumentCache full:https://registry.npmjs.org/@esbuild%2flinux-x64 cache-miss
67 http fetch GET 200 https://registry.npmjs.org/@esbuild%2flinux-s390x 773ms (cache miss)
68 silly packumentCache full:https://registry.npmjs.org/@esbuild%2flinux-s390x set size:undefined disposed:false
69 silly fetch manifest @esbuild/netbsd-arm64@0.27.4
70 silly packumentCache full:https://registry.npmjs.org/@esbuild%2fnetbsd-arm64 cache-miss
71 http fetch GET 200 https://registry.npmjs.org/@esbuild%2flinux-x64 722ms (cache miss)
72 silly packumentCache full:https://registry.npmjs.org/@esbuild%2flinux-x64 set size:undefined disposed:false
73 silly fetch manifest @esbuild/netbsd-x64@0.27.4
74 silly packumentCache full:https://registry.npmjs.org/@esbuild%2fnetbsd-x64 cache-miss
75 http fetch GET 200 https://registry.npmjs.org/@esbuild%2fandroid-arm64 1060ms (cache miss)
76 silly packumentCache full:https://registry.npmjs.org/@esbuild%2fandroid-arm64 set size:undefined disposed:false
77 silly fetch manifest @esbuild/openbsd-arm64@0.27.4
78 silly packumentCache full:https://registry.npmjs.org/@esbuild%2fopenbsd-arm64 cache-miss
79 http fetch GET 200 https://registry.npmjs.org/@esbuild%2flinux-arm 1068ms (cache miss)
80 silly packumentCache full:https://registry.npmjs.org/@esbuild%2flinux-arm set size:undefined disposed:false
81 silly fetch manifest @esbuild/openbsd-x64@0.27.4
82 silly packumentCache full:https://registry.npmjs.org/@esbuild%2fopenbsd-x64 cache-miss
83 http fetch GET 200 https://registry.npmjs.org/@esbuild%2flinux-loong64 1095ms (cache miss)
84 silly packumentCache full:https://registry.npmjs.org/@esbuild%2flinux-loong64 set size:undefined disposed:false
85 silly fetch manifest @esbuild/openharmony-arm64@0.27.4
86 silly packumentCache full:https://registry.npmjs.org/@esbuild%2fopenharmony-arm64 cache-miss
87 http fetch GET 200 https://registry.npmjs.org/@esbuild%2flinux-ia32 1101ms (cache miss)
88 silly packumentCache full:https://registry.npmjs.org/@esbuild%2flinux-ia32 set size:undefined disposed:false
89 silly fetch manifest @esbuild/sunos-x64@0.27.4
90 silly packumentCache full:https://registry.npmjs.org/@esbuild%2fsunos-x64 cache-miss
91 http fetch GET 200 https://registry.npmjs.org/@esbuild%2flinux-riscv64 1116ms (cache miss)
92 silly packumentCache full:https://registry.npmjs.org/@esbuild%2flinux-riscv64 set size:undefined disposed:false
93 silly fetch manifest @esbuild/win32-arm64@0.27.4
94 silly packumentCache full:https://registry.npmjs.org/@esbuild%2fwin32-arm64 cache-miss
95 http fetch GET 200 https://registry.npmjs.org/@esbuild%2ffreebsd-arm64 1135ms (cache miss)
96 silly packumentCache full:https://registry.npmjs.org/@esbuild%2ffreebsd-arm64 set size:undefined disposed:false
97 silly fetch manifest @esbuild/win32-ia32@0.27.4
98 silly packumentCache full:https://registry.npmjs.org/@esbuild%2fwin32-ia32 cache-miss
99 http fetch GET 200 https://registry.npmjs.org/@esbuild%2flinux-arm64 1138ms (cache miss)
100 silly packumentCache full:https://registry.npmjs.org/@esbuild%2flinux-arm64 set size:undefined disposed:false
101 silly fetch manifest @esbuild/win32-x64@0.27.4
102 silly packumentCache full:https://registry.npmjs.org/@esbuild%2fwin32-x64 cache-miss
103 http fetch GET 200 https://registry.npmjs.org/@esbuild%2fandroid-x64 1143ms (cache miss)
104 silly packumentCache full:https://registry.npmjs.org/@esbuild%2fandroid-x64 set size:undefined disposed:false
105 http fetch GET 200 https://registry.npmjs.org/@esbuild%2flinux-mips64el 1162ms (cache miss)
106 silly packumentCache full:https://registry.npmjs.org/@esbuild%2flinux-mips64el set size:undefined disposed:false
107 http fetch GET 200 https://registry.npmjs.org/@esbuild%2fdarwin-arm64 1188ms (cache miss)
108 silly packumentCache full:https://registry.npmjs.org/@esbuild%2fdarwin-arm64 set size:undefined disposed:false
109 http fetch GET 200 https://registry.npmjs.org/@esbuild%2fnetbsd-arm64 236ms (cache miss)
110 silly packumentCache full:https://registry.npmjs.org/@esbuild%2fnetbsd-arm64 set size:undefined disposed:false
111 http fetch GET 200 https://registry.npmjs.org/@esbuild%2fopenbsd-arm64 259ms (cache miss)
112 silly packumentCache full:https://registry.npmjs.org/@esbuild%2fopenbsd-arm64 set size:undefined disposed:false
113 http fetch GET 200 https://registry.npmjs.org/@esbuild%2fnetbsd-x64 289ms (cache miss)
114 silly packumentCache full:https://registry.npmjs.org/@esbuild%2fnetbsd-x64 set size:undefined disposed:false
115 http fetch GET 200 https://registry.npmjs.org/@esbuild%2fopenbsd-x64 275ms (cache miss)
116 silly packumentCache full:https://registry.npmjs.org/@esbuild%2fopenbsd-x64 set size:undefined disposed:false
117 http fetch GET 200 https://registry.npmjs.org/@esbuild%2fopenharmony-arm64 255ms (cache miss)
118 silly packumentCache full:https://registry.npmjs.org/@esbuild%2fopenharmony-arm64 set size:undefined disposed:false
119 http fetch GET 200 https://registry.npmjs.org/@esbuild%2fsunos-x64 319ms (cache miss)
120 silly packumentCache full:https://registry.npmjs.org/@esbuild%2fsunos-x64 set size:undefined disposed:false
121 http fetch GET 200 https://registry.npmjs.org/@esbuild%2fwin32-arm64 307ms (cache miss)
122 silly packumentCache full:https://registry.npmjs.org/@esbuild%2fwin32-arm64 set size:undefined disposed:false
123 http fetch GET 200 https://registry.npmjs.org/@esbuild%2fwin32-ia32 557ms (cache miss)
124 silly packumentCache full:https://registry.npmjs.org/@esbuild%2fwin32-ia32 set size:undefined disposed:false
125 http fetch GET 200 https://registry.npmjs.org/@esbuild%2ffreebsd-x64 1762ms (cache miss)
126 silly packumentCache full:https://registry.npmjs.org/@esbuild%2ffreebsd-x64 set size:undefined disposed:false
127 http fetch GET 200 https://registry.npmjs.org/@esbuild%2fdarwin-x64 1806ms (cache miss)
128 silly packumentCache full:https://registry.npmjs.org/@esbuild%2fdarwin-x64 set size:undefined disposed:false
129 http fetch GET 200 https://registry.npmjs.org/@esbuild%2flinux-ppc64 1862ms (cache miss)
130 silly packumentCache full:https://registry.npmjs.org/@esbuild%2flinux-ppc64 set size:undefined disposed:false
131 http fetch GET 200 https://registry.npmjs.org/@esbuild%2fwin32-x64 1013ms (cache miss)
132 silly packumentCache full:https://registry.npmjs.org/@esbuild%2fwin32-x64 set size:undefined disposed:false
133 silly placeDep ROOT @esbuild/aix-ppc64@0.27.4 OK for: esbuild@0.27.4 want: 0.27.4
134 silly placeDep ROOT @esbuild/android-arm@0.27.4 OK for: esbuild@0.27.4 want: 0.27.4
135 silly placeDep ROOT @esbuild/android-arm64@0.27.4 OK for: esbuild@0.27.4 want: 0.27.4
136 silly placeDep ROOT @esbuild/android-x64@0.27.4 OK for: esbuild@0.27.4 want: 0.27.4
137 silly placeDep ROOT @esbuild/darwin-arm64@0.27.4 OK for: esbuild@0.27.4 want: 0.27.4
138 silly placeDep ROOT @esbuild/darwin-x64@0.27.4 OK for: esbuild@0.27.4 want: 0.27.4
139 silly placeDep ROOT @esbuild/freebsd-arm64@0.27.4 OK for: esbuild@0.27.4 want: 0.27.4
140 silly placeDep ROOT @esbuild/freebsd-x64@0.27.4 OK for: esbuild@0.27.4 want: 0.27.4
141 silly placeDep ROOT @esbuild/linux-arm@0.27.4 OK for: esbuild@0.27.4 want: 0.27.4
142 silly placeDep ROOT @esbuild/linux-arm64@0.27.4 OK for: esbuild@0.27.4 want: 0.27.4
143 silly placeDep ROOT @esbuild/linux-ia32@0.27.4 OK for: esbuild@0.27.4 want: 0.27.4
144 silly placeDep ROOT @esbuild/linux-loong64@0.27.4 OK for: esbuild@0.27.4 want: 0.27.4
145 silly placeDep ROOT @esbuild/linux-mips64el@0.27.4 OK for: esbuild@0.27.4 want: 0.27.4
146 silly placeDep ROOT @esbuild/linux-ppc64@0.27.4 OK for: esbuild@0.27.4 want: 0.27.4
147 silly placeDep ROOT @esbuild/linux-riscv64@0.27.4 OK for: esbuild@0.27.4 want: 0.27.4
148 silly placeDep ROOT @esbuild/linux-s390x@0.27.4 OK for: esbuild@0.27.4 want: 0.27.4
149 silly placeDep ROOT @esbuild/linux-x64@0.27.4 OK for: esbuild@0.27.4 want: 0.27.4
150 silly placeDep ROOT @esbuild/netbsd-arm64@0.27.4 OK for: esbuild@0.27.4 want: 0.27.4
151 silly placeDep ROOT @esbuild/netbsd-x64@0.27.4 OK for: esbuild@0.27.4 want: 0.27.4
152 silly placeDep ROOT @esbuild/openbsd-arm64@0.27.4 OK for: esbuild@0.27.4 want: 0.27.4
153 silly placeDep ROOT @esbuild/openbsd-x64@0.27.4 OK for: esbuild@0.27.4 want: 0.27.4
154 silly placeDep ROOT @esbuild/openharmony-arm64@0.27.4 OK for: esbuild@0.27.4 want: 0.27.4
155 silly placeDep ROOT @esbuild/sunos-x64@0.27.4 OK for: esbuild@0.27.4 want: 0.27.4
156 silly placeDep ROOT @esbuild/win32-arm64@0.27.4 OK for: esbuild@0.27.4 want: 0.27.4
157 silly placeDep ROOT @esbuild/win32-ia32@0.27.4 OK for: esbuild@0.27.4 want: 0.27.4
158 silly placeDep ROOT @esbuild/win32-x64@0.27.4 OK for: esbuild@0.27.4 want: 0.27.4
159 silly reify moves {}
160 silly audit bulk request {
160 silly audit   '@alloc/quick-lru': [ '5.2.0' ],
160 silly audit   '@babel/code-frame': [ '7.29.0' ],
160 silly audit   '@babel/compat-data': [ '7.29.0' ],
160 silly audit   '@babel/core': [ '7.29.0' ],
160 silly audit   '@babel/generator': [ '7.29.1' ],
160 silly audit   '@babel/helper-compilation-targets': [ '7.28.6' ],
160 silly audit   '@babel/helper-globals': [ '7.28.0' ],
160 silly audit   '@babel/helper-module-imports': [ '7.28.6' ],
160 silly audit   '@babel/helper-module-transforms': [ '7.28.6' ],
160 silly audit   '@babel/helper-string-parser': [ '7.27.1' ],
160 silly audit   '@babel/helper-validator-identifier': [ '7.28.5' ],
160 silly audit   '@babel/helper-validator-option': [ '7.27.1' ],
160 silly audit   '@babel/helpers': [ '7.28.6' ],
160 silly audit   '@babel/parser': [ '7.29.0' ],
160 silly audit   '@babel/template': [ '7.28.6' ],
160 silly audit   '@babel/traverse': [ '7.29.0' ],
160 silly audit   '@babel/types': [ '7.29.0' ],
160 silly audit   '@emnapi/core': [ '1.9.0' ],
160 silly audit   '@emnapi/runtime': [ '1.9.0' ],
160 silly audit   '@emnapi/wasi-threads': [ '1.2.0' ],
160 silly audit   '@eslint-community/eslint-utils': [ '4.9.1' ],
160 silly audit   'eslint-visitor-keys': [ '3.4.3', '5.0.1', '4.2.1' ],
160 silly audit   '@eslint-community/regexpp': [ '4.12.2' ],
160 silly audit   '@eslint/config-array': [ '0.21.2' ],
160 silly audit   '@eslint/config-helpers': [ '0.4.2' ],
160 silly audit   '@eslint/core': [ '0.17.0' ],
160 silly audit   '@eslint/eslintrc': [ '3.3.5' ],
160 silly audit   '@eslint/js': [ '9.39.4' ],
160 silly audit   '@eslint/object-schema': [ '2.1.7' ],
160 silly audit   '@eslint/plugin-kit': [ '0.4.1' ],
160 silly audit   '@humanfs/core': [ '0.19.1' ],
160 silly audit   '@humanfs/node': [ '0.16.7' ],
160 silly audit   '@humanwhocodes/module-importer': [ '1.0.1' ],
160 silly audit   '@humanwhocodes/retry': [ '0.4.3' ],
160 silly audit   '@img/colour': [ '1.1.0' ],
160 silly audit   '@img/sharp-darwin-arm64': [ '0.34.5' ],
160 silly audit   '@img/sharp-darwin-x64': [ '0.34.5' ],
160 silly audit   '@img/sharp-libvips-darwin-arm64': [ '1.2.4' ],
160 silly audit   '@img/sharp-libvips-darwin-x64': [ '1.2.4' ],
160 silly audit   '@img/sharp-libvips-linux-arm': [ '1.2.4' ],
160 silly audit   '@img/sharp-libvips-linux-arm64': [ '1.2.4' ],
160 silly audit   '@img/sharp-libvips-linux-ppc64': [ '1.2.4' ],
160 silly audit   '@img/sharp-libvips-linux-riscv64': [ '1.2.4' ],
160 silly audit   '@img/sharp-libvips-linux-s390x': [ '1.2.4' ],
160 silly audit   '@img/sharp-libvips-linux-x64': [ '1.2.4' ],
160 silly audit   '@img/sharp-libvips-linuxmusl-arm64': [ '1.2.4' ],
160 silly audit   '@img/sharp-libvips-linuxmusl-x64': [ '1.2.4' ],
160 silly audit   '@img/sharp-linux-arm': [ '0.34.5' ],
160 silly audit   '@img/sharp-linux-arm64': [ '0.34.5' ],
160 silly audit   '@img/sharp-linux-ppc64': [ '0.34.5' ],
160 silly audit   '@img/sharp-linux-riscv64': [ '0.34.5' ],
160 silly audit   '@img/sharp-linux-s390x': [ '0.34.5' ],
160 silly audit   '@img/sharp-linux-x64': [ '0.34.5' ],
160 silly audit   '@img/sharp-linuxmusl-arm64': [ '0.34.5' ],
160 silly audit   '@img/sharp-linuxmusl-x64': [ '0.34.5' ],
160 silly audit   '@img/sharp-wasm32': [ '0.34.5' ],
160 silly audit   '@img/sharp-win32-arm64': [ '0.34.5' ],
160 silly audit   '@img/sharp-win32-ia32': [ '0.34.5' ],
160 silly audit   '@img/sharp-win32-x64': [ '0.34.5' ],
160 silly audit   '@jridgewell/gen-mapping': [ '0.3.13' ],
160 silly audit   '@jridgewell/remapping': [ '2.3.5' ],
160 silly audit   '@jridgewell/resolve-uri': [ '3.1.2' ],
160 silly audit   '@jridgewell/sourcemap-codec': [ '1.5.5' ],
160 silly audit   '@jridgewell/trace-mapping': [ '0.3.31' ],
160 silly audit   '@napi-rs/wasm-runtime': [ '0.2.12' ],
160 silly audit   '@next/env': [ '16.1.6' ],
160 silly audit   '@next/eslint-plugin-next': [ '16.1.6' ],
160 silly audit   '@next/swc-darwin-arm64': [ '16.1.6' ],
160 silly audit   '@next/swc-darwin-x64': [ '16.1.6' ],
160 silly audit   '@next/swc-linux-arm64-gnu': [ '16.1.6' ],
160 silly audit   '@next/swc-linux-arm64-musl': [ '16.1.6' ],
160 silly audit   '@next/swc-linux-x64-gnu': [ '16.1.6' ],
160 silly audit   '@next/swc-linux-x64-musl': [ '16.1.6' ],
160 silly audit   '@next/swc-win32-arm64-msvc': [ '16.1.6' ],
160 silly audit   '@next/swc-win32-x64-msvc': [ '16.1.6' ],
160 silly audit   '@nodelib/fs.scandir': [ '2.1.5' ],
160 silly audit   '@nodelib/fs.stat': [ '2.0.5' ],
160 silly audit   '@nodelib/fs.walk': [ '1.2.8' ],
160 silly audit   '@nolyfill/is-core-module': [ '1.0.39' ],
160 silly audit   '@rtsao/scc': [ '1.1.0' ],
160 silly audit   '@swc/helpers': [ '0.5.15' ],
160 silly audit   '@tailwindcss/node': [ '4.2.1' ],
160 silly audit   '@tailwindcss/oxide': [ '4.2.1' ],
160 silly audit   '@tailwindcss/oxide-android-arm64': [ '4.2.1' ],
160 silly audit   '@tailwindcss/oxide-darwin-arm64': [ '4.2.1' ],
160 silly audit   '@tailwindcss/oxide-darwin-x64': [ '4.2.1' ],
160 silly audit   '@tailwindcss/oxide-freebsd-x64': [ '4.2.1' ],
160 silly audit   '@tailwindcss/oxide-linux-arm-gnueabihf': [ '4.2.1' ],
160 silly audit   '@tailwindcss/oxide-linux-arm64-gnu': [ '4.2.1' ],
160 silly audit   '@tailwindcss/oxide-linux-arm64-musl': [ '4.2.1' ],
160 silly audit   '@tailwindcss/oxide-linux-x64-gnu': [ '4.2.1' ],
160 silly audit   '@tailwindcss/oxide-linux-x64-musl': [ '4.2.1' ],
160 silly audit   '@tailwindcss/oxide-wasm32-wasi': [ '4.2.1' ],
160 silly audit   '@tailwindcss/oxide-win32-arm64-msvc': [ '4.2.1' ],
160 silly audit   '@tailwindcss/oxide-win32-x64-msvc': [ '4.2.1' ],
160 silly audit   '@tailwindcss/postcss': [ '4.2.1' ],
160 silly audit   '@tybys/wasm-util': [ '0.10.1' ],
160 silly audit   '@types/estree': [ '1.0.8' ],
160 silly audit   '@types/json-schema': [ '7.0.15' ],
160 silly audit   '@types/json5': [ '0.0.29' ],
160 silly audit   '@types/node': [ '20.19.37' ],
160 silly audit   '@types/react': [ '19.2.14' ],
160 silly audit   '@types/react-dom': [ '19.2.3' ],
160 silly audit   '@typescript-eslint/eslint-plugin': [ '8.57.0' ],
160 silly audit   ignore: [ '7.0.5', '5.3.2' ],
160 silly audit   '@typescript-eslint/parser': [ '8.57.0' ],
160 silly audit   '@typescript-eslint/project-service': [ '8.57.0' ],
160 silly audit   '@typescript-eslint/scope-manager': [ '8.57.0' ],
160 silly audit   '@typescript-eslint/tsconfig-utils': [ '8.57.0' ],
160 silly audit   '@typescript-eslint/type-utils': [ '8.57.0' ],
160 silly audit   '@typescript-eslint/types': [ '8.57.0' ],
160 silly audit   '@typescript-eslint/typescript-estree': [ '8.57.0' ],
160 silly audit   'balanced-match': [ '4.0.4', '1.0.2' ],
160 silly audit   'brace-expansion': [ '5.0.4', '1.1.12' ],
160 silly audit   minimatch: [ '10.2.4', '3.1.5' ],
160 silly audit   semver: [ '7.7.4', '6.3.1' ],
160 silly audit   '@typescript-eslint/utils': [ '8.57.0' ],
160 silly audit   '@typescript-eslint/visitor-keys': [ '8.57.0' ],
160 silly audit   '@unrs/resolver-binding-android-arm-eabi': [ '1.11.1' ],
160 silly audit   '@unrs/resolver-binding-android-arm64': [ '1.11.1' ],
160 silly audit   '@unrs/resolver-binding-darwin-arm64': [ '1.11.1' ],
160 silly audit   '@unrs/resolver-binding-darwin-x64': [ '1.11.1' ],
160 silly audit   '@unrs/resolver-binding-freebsd-x64': [ '1.11.1' ],
160 silly audit   '@unrs/resolver-binding-linux-arm-gnueabihf': [ '1.11.1' ],
160 silly audit   '@unrs/resolver-binding-linux-arm-musleabihf': [ '1.11.1' ],
160 silly audit   '@unrs/resolver-binding-linux-arm64-gnu': [ '1.11.1' ],
160 silly audit   '@unrs/resolver-binding-linux-arm64-musl': [ '1.11.1' ],
160 silly audit   '@unrs/resolver-binding-linux-ppc64-gnu': [ '1.11.1' ],
160 silly audit   '@unrs/resolver-binding-linux-riscv64-gnu': [ '1.11.1' ],
160 silly audit   '@unrs/resolver-binding-linux-riscv64-musl': [ '1.11.1' ],
160 silly audit   '@unrs/resolver-binding-linux-s390x-gnu': [ '1.11.1' ],
160 silly audit   '@unrs/resolver-binding-linux-x64-gnu': [ '1.11.1' ],
160 silly audit   '@unrs/resolver-binding-linux-x64-musl': [ '1.11.1' ],
160 silly audit   '@unrs/resolver-binding-wasm32-wasi': [ '1.11.1' ],
160 silly audit   '@unrs/resolver-binding-win32-arm64-msvc': [ '1.11.1' ],
160 silly audit   '@unrs/resolver-binding-win32-ia32-msvc': [ '1.11.1' ],
160 silly audit   '@unrs/resolver-binding-win32-x64-msvc': [ '1.11.1' ],
160 silly audit   acorn: [ '8.16.0' ],
160 silly audit   'acorn-jsx': [ '5.3.2' ],
160 silly audit   ajv: [ '6.14.0' ],
160 silly audit   'ansi-styles': [ '4.3.0' ],
160 silly audit   argparse: [ '2.0.1' ],
160 silly audit   'aria-query': [ '5.3.2' ],
160 silly audit   'array-buffer-byte-length': [ '1.0.2' ],
160 silly audit   'array-includes': [ '3.1.9' ],
160 silly audit   'array.prototype.findlast': [ '1.2.5' ],
160 silly audit   'array.prototype.findlastindex': [ '1.2.6' ],
160 silly audit   'array.prototype.flat': [ '1.3.3' ],
160 silly audit   'array.prototype.flatmap': [ '1.3.3' ],
160 silly audit   'array.prototype.tosorted': [ '1.1.4' ],
160 silly audit   'arraybuffer.prototype.slice': [ '1.0.4' ],
160 silly audit   'ast-types-flow': [ '0.0.8' ],
160 silly audit   'async-function': [ '1.0.0' ],
160 silly audit   'available-typed-arrays': [ '1.0.7' ],
160 silly audit   'axe-core': [ '4.11.1' ],
160 silly audit   'axobject-query': [ '4.1.0' ],
160 silly audit   'base64-js': [ '1.5.1' ],
160 silly audit   'baseline-browser-mapping': [ '2.10.7' ],
160 silly audit   'better-sqlite3': [ '12.6.2' ],
160 silly audit   bindings: [ '1.5.0' ],
160 silly audit   bl: [ '4.1.0' ],
160 silly audit   boolbase: [ '1.0.0' ],
160 silly audit   braces: [ '3.0.3' ],
160 silly audit   browserslist: [ '4.28.1' ],
160 silly audit   buffer: [ '5.7.1' ],
160 silly audit   'call-bind': [ '1.0.8' ],
160 silly audit   'call-bind-apply-helpers': [ '1.0.2' ],
160 silly audit   'call-bound': [ '1.0.4' ],
160 silly audit   callsites: [ '3.1.0' ],
160 silly audit   'caniuse-lite': [ '1.0.30001778' ],
160 silly audit   chalk: [ '4.1.2' ],
160 silly audit   cheerio: [ '1.2.0' ],
160 silly audit   'cheerio-select': [ '2.1.0' ],
160 silly audit   chownr: [ '1.1.4' ],
160 silly audit   'client-only': [ '0.0.1' ],
160 silly audit   'color-convert': [ '2.0.1' ],
160 silly audit   'color-name': [ '1.1.4' ],
160 silly audit   'concat-map': [ '0.0.1' ],
160 silly audit   'convert-source-map': [ '2.0.0' ],
160 silly audit   'cross-spawn': [ '7.0.6' ],
160 silly audit   'css-select': [ '5.2.2' ],
160 silly audit   'css-what': [ '6.2.2' ],
160 silly audit   csstype: [ '3.2.3' ],
160 silly audit   'damerau-levenshtein': [ '1.0.8' ],
160 silly audit   'data-view-buffer': [ '1.0.2' ],
160 silly audit   'data-view-byte-length': [ '1.0.2' ],
160 silly audit   'data-view-byte-offset': [ '1.0.1' ],
160 silly audit   debug: [ '4.4.3', '3.2.7' ],
160 silly audit   'decompress-response': [ '6.0.0' ],
160 silly audit   'deep-extend': [ '0.6.0' ],
160 silly audit   'deep-is': [ '0.1.4' ],
160 silly audit   'define-data-property': [ '1.1.4' ],
160 silly audit   'define-properties': [ '1.2.1' ],
160 silly audit   'detect-libc': [ '2.1.2' ],
160 silly audit   doctrine: [ '2.1.0' ],
160 silly audit   'dom-serializer': [ '2.0.0' ],
160 silly audit   domelementtype: [ '2.3.0' ],
160 silly audit   domhandler: [ '5.0.3' ],
160 silly audit   domutils: [ '3.2.2' ],
160 silly audit   'dunder-proto': [ '1.0.1' ],
160 silly audit   'electron-to-chromium': [ '1.5.313' ],
160 silly audit   'emoji-regex': [ '9.2.2' ],
160 silly audit   'encoding-sniffer': [ '0.2.1' ],
160 silly audit   'end-of-stream': [ '1.4.5' ],
160 silly audit   'enhanced-resolve': [ '5.20.0' ],
160 silly audit   entities: [ '4.5.0', '7.0.1', '6.0.1' ],
160 silly audit   'es-abstract': [ '1.24.1' ],
160 silly audit   'es-define-property': [ '1.0.1' ],
160 silly audit   'es-errors': [ '1.3.0' ],
160 silly audit   'es-iterator-helpers': [ '1.3.1' ],
160 silly audit   'es-object-atoms': [ '1.1.1' ],
160 silly audit   'es-set-tostringtag': [ '2.1.0' ],
160 silly audit   'es-shim-unscopables': [ '1.1.0' ],
160 silly audit   'es-to-primitive': [ '1.3.0' ],
160 silly audit   escalade: [ '3.2.0' ],
160 silly audit   'escape-string-regexp': [ '4.0.0' ],
160 silly audit   eslint: [ '9.39.4' ],
160 silly audit   'eslint-config-next': [ '16.1.6' ],
160 silly audit   globals: [ '16.4.0', '14.0.0' ],
160 silly audit   'eslint-import-resolver-node': [ '0.3.9' ],
160 silly audit   'eslint-import-resolver-typescript': [ '3.10.1' ],
160 silly audit   'eslint-module-utils': [ '2.12.1' ],
160 silly audit   'eslint-plugin-import': [ '2.32.0' ],
160 silly audit   'eslint-plugin-jsx-a11y': [ '6.10.2' ],
160 silly audit   'eslint-plugin-react': [ '7.37.5' ],
160 silly audit   'eslint-plugin-react-hooks': [ '7.0.1' ],
160 silly audit   resolve: [ '2.0.0-next.6', '1.22.11' ],
160 silly audit   'eslint-scope': [ '8.4.0' ],
160 silly audit   espree: [ '10.4.0' ],
160 silly audit   esquery: [ '1.7.0' ],
160 silly audit   esrecurse: [ '4.3.0' ],
160 silly audit   estraverse: [ '5.3.0' ],
160 silly audit   esutils: [ '2.0.3' ],
160 silly audit   'expand-template': [ '2.0.3' ],
160 silly audit   'fast-deep-equal': [ '3.1.3' ],
160 silly audit   'fast-glob': [ '3.3.1' ],
160 silly audit   'glob-parent': [ '5.1.2', '6.0.2' ],
160 silly audit   'fast-json-stable-stringify': [ '2.1.0' ],
160 silly audit   'fast-levenshtein': [ '2.0.6' ],
160 silly audit   fastq: [ '1.20.1' ],
160 silly audit   'file-entry-cache': [ '8.0.0' ],
160 silly audit   'file-uri-to-path': [ '1.0.0' ],
160 silly audit   'fill-range': [ '7.1.1' ],
160 silly audit   'find-up': [ '5.0.0' ],
160 silly audit   'flat-cache': [ '4.0.1' ],
160 silly audit   flatted: [ '3.4.1' ],
160 silly audit   'for-each': [ '0.3.5' ],
160 silly audit   'fs-constants': [ '1.0.0' ],
160 silly audit   'function-bind': [ '1.1.2' ],
160 silly audit   'function.prototype.name': [ '1.1.8' ],
160 silly audit   'functions-have-names': [ '1.2.3' ],
160 silly audit   'generator-function': [ '2.0.1' ],
160 silly audit   gensync: [ '1.0.0-beta.2' ],
160 silly audit   'get-intrinsic': [ '1.3.0' ],
160 silly audit   'get-proto': [ '1.0.1' ],
160 silly audit   'get-symbol-description': [ '1.1.0' ],
160 silly audit   'get-tsconfig': [ '4.13.6' ],
160 silly audit   'github-from-package': [ '0.0.0' ],
160 silly audit   globalthis: [ '1.0.4' ],
160 silly audit   gopd: [ '1.2.0' ],
160 silly audit   'graceful-fs': [ '4.2.11' ],
160 silly audit   'has-bigints': [ '1.1.0' ],
160 silly audit   'has-flag': [ '4.0.0' ],
160 silly audit   'has-property-descriptors': [ '1.0.2' ],
160 silly audit   'has-proto': [ '1.2.0' ],
160 silly audit   'has-symbols': [ '1.1.0' ],
160 silly audit   'has-tostringtag': [ '1.0.2' ],
160 silly audit   hasown: [ '2.0.2' ],
160 silly audit   'hermes-estree': [ '0.25.1' ],
160 silly audit   'hermes-parser': [ '0.25.1' ],
160 silly audit   htmlparser2: [ '10.1.0' ],
160 silly audit   'iconv-lite': [ '0.6.3' ],
160 silly audit   ieee754: [ '1.2.1' ],
160 silly audit   'import-fresh': [ '3.3.1' ],
160 silly audit   imurmurhash: [ '0.1.4' ],
160 silly audit   inherits: [ '2.0.4' ],
160 silly audit   ini: [ '1.3.8' ],
160 silly audit   'internal-slot': [ '1.1.0' ],
160 silly audit   'is-array-buffer': [ '3.0.5' ],
160 silly audit   'is-async-function': [ '2.1.1' ],
160 silly audit   'is-bigint': [ '1.1.0' ],
160 silly audit   'is-boolean-object': [ '1.2.2' ],
160 silly audit   'is-bun-module': [ '2.0.0' ],
160 silly audit   'is-callable': [ '1.2.7' ],
160 silly audit   'is-core-module': [ '2.16.1' ],
160 silly audit   'is-data-view': [ '1.0.2' ],
160 silly audit   'is-date-object': [ '1.1.0' ],
160 silly audit   'is-extglob': [ '2.1.1' ],
160 silly audit   'is-finalizationregistry': [ '1.1.1' ],
160 silly audit   'is-generator-function': [ '1.1.2' ],
160 silly audit   'is-glob': [ '4.0.3' ],
160 silly audit   'is-map': [ '2.0.3' ],
160 silly audit   'is-negative-zero': [ '2.0.3' ],
160 silly audit   'is-number': [ '7.0.0' ],
160 silly audit   'is-number-object': [ '1.1.1' ],
160 silly audit   'is-regex': [ '1.2.1' ],
160 silly audit   'is-set': [ '2.0.3' ],
160 silly audit   'is-shared-array-buffer': [ '1.0.4' ],
160 silly audit   'is-string': [ '1.1.1' ],
160 silly audit   'is-symbol': [ '1.1.1' ],
160 silly audit   'is-typed-array': [ '1.1.15' ],
160 silly audit   'is-weakmap': [ '2.0.2' ],
160 silly audit   'is-weakref': [ '1.1.1' ],
160 silly audit   'is-weakset': [ '2.0.4' ],
160 silly audit   isarray: [ '2.0.5' ],
160 silly audit   isexe: [ '2.0.0' ],
160 silly audit   'iterator.prototype': [ '1.1.5' ],
160 silly audit   jiti: [ '2.6.1' ],
160 silly audit   'js-tokens': [ '4.0.0' ],
160 silly audit   'js-yaml': [ '4.1.1' ],
160 silly audit   jsesc: [ '3.1.0' ],
160 silly audit   'json-buffer': [ '3.0.1' ],
160 silly audit   'json-schema-traverse': [ '0.4.1' ],
160 silly audit   'json-stable-stringify-without-jsonify': [ '1.0.1' ],
160 silly audit   json5: [ '2.2.3', '1.0.2' ],
160 silly audit   'jsx-ast-utils': [ '3.3.5' ],
160 silly audit   keyv: [ '4.5.4' ],
160 silly audit   'language-subtag-registry': [ '0.3.23' ],
160 silly audit   'language-tags': [ '1.0.9' ],
160 silly audit   levn: [ '0.4.1' ],
160 silly audit   lightningcss: [ '1.31.1' ],
160 silly audit   'lightningcss-android-arm64': [ '1.31.1' ],
160 silly audit   'lightningcss-darwin-arm64': [ '1.31.1' ],
160 silly audit   'lightningcss-darwin-x64': [ '1.31.1' ],
160 silly audit   'lightningcss-freebsd-x64': [ '1.31.1' ],
160 silly audit   'lightningcss-linux-arm-gnueabihf': [ '1.31.1' ],
160 silly audit   'lightningcss-linux-arm64-gnu': [ '1.31.1' ],
160 silly audit   'lightningcss-linux-arm64-musl': [ '1.31.1' ],
160 silly audit   'lightningcss-linux-x64-gnu': [ '1.31.1' ],
160 silly audit   'lightningcss-linux-x64-musl': [ '1.31.1' ],
160 silly audit   'lightningcss-win32-arm64-msvc': [ '1.31.1' ],
160 silly audit   'lightningcss-win32-x64-msvc': [ '1.31.1' ],
160 silly audit   'locate-path': [ '6.0.0' ],
160 silly audit   'lodash.merge': [ '4.6.2' ],
160 silly audit   'loose-envify': [ '1.4.0' ],
160 silly audit   'lru-cache': [ '5.1.1' ],
160 silly audit   'lucide-react': [ '0.577.0' ],
160 silly audit   'magic-string': [ '0.30.21' ],
160 silly audit   'math-intrinsics': [ '1.1.0' ],
160 silly audit   merge2: [ '1.4.1' ],
160 silly audit   micromatch: [ '4.0.8' ],
160 silly audit   'mimic-response': [ '3.1.0' ],
160 silly audit   minimist: [ '1.2.8' ],
160 silly audit   'mkdirp-classic': [ '0.5.3' ],
160 silly audit   ms: [ '2.1.3' ],
160 silly audit   nanoid: [ '3.3.11' ],
160 silly audit   'napi-build-utils': [ '2.0.0' ],
160 silly audit   'napi-postinstall': [ '0.3.4' ],
160 silly audit   'natural-compare': [ '1.4.0' ],
160 silly audit   next: [ '16.1.6' ],
160 silly audit   postcss: [ '8.4.31', '8.5.8' ],
160 silly audit   'node-abi': [ '3.88.0' ],
160 silly audit   'node-exports-info': [ '1.6.0' ],
160 silly audit   'node-releases': [ '2.0.36' ],
160 silly audit   'nth-check': [ '2.1.1' ],
160 silly audit   'object-assign': [ '4.1.1' ],
160 silly audit   'object-inspect': [ '1.13.4' ],
160 silly audit   'object-keys': [ '1.1.1' ],
160 silly audit   'object.assign': [ '4.1.7' ],
160 silly audit   'object.entries': [ '1.1.9' ],
160 silly audit   'object.fromentries': [ '2.0.8' ],
160 silly audit   'object.groupby': [ '1.0.3' ],
160 silly audit   'object.values': [ '1.2.1' ],
160 silly audit   once: [ '1.4.0' ],
160 silly audit   optionator: [ '0.9.4' ],
160 silly audit   'own-keys': [ '1.0.1' ],
160 silly audit   'p-limit': [ '3.1.0' ],
160 silly audit   'p-locate': [ '5.0.0' ],
160 silly audit   'parent-module': [ '1.0.1' ],
160 silly audit   parse5: [ '7.3.0' ],
160 silly audit   'parse5-htmlparser2-tree-adapter': [ '7.1.0' ],
160 silly audit   'parse5-parser-stream': [ '7.1.2' ],
160 silly audit   'path-exists': [ '4.0.0' ],
160 silly audit   'path-key': [ '3.1.1' ],
160 silly audit   'path-parse': [ '1.0.7' ],
160 silly audit   picocolors: [ '1.1.1' ],
160 silly audit   picomatch: [ '2.3.1', '4.0.3' ],
160 silly audit   'possible-typed-array-names': [ '1.1.0' ],
160 silly audit   'prebuild-install': [ '7.1.3' ],
160 silly audit   'prelude-ls': [ '1.2.1' ],
160 silly audit   'prop-types': [ '15.8.1' ],
160 silly audit   pump: [ '3.0.4' ],
160 silly audit   punycode: [ '2.3.1' ],
160 silly audit   'queue-microtask': [ '1.2.3' ],
160 silly audit   rc: [ '1.2.8' ],
160 silly audit   'strip-json-comments': [ '2.0.1', '3.1.1' ],
160 silly audit   react: [ '19.2.3' ],
160 silly audit   'react-dom': [ '19.2.3' ],
160 silly audit   'react-is': [ '16.13.1' ],
160 silly audit   'readable-stream': [ '3.6.2' ],
160 silly audit   'reflect.getprototypeof': [ '1.0.10' ],
160 silly audit   'regexp.prototype.flags': [ '1.5.4' ],
160 silly audit   'resolve-from': [ '4.0.0' ],
160 silly audit   'resolve-pkg-maps': [ '1.0.0' ],
160 silly audit   reusify: [ '1.1.0' ],
160 silly audit   'run-parallel': [ '1.2.0' ],
160 silly audit   'safe-array-concat': [ '1.1.3' ],
160 silly audit   'safe-buffer': [ '5.2.1' ],
160 silly audit   'safe-push-apply': [ '1.0.0' ],
160 silly audit   'safe-regex-test': [ '1.1.0' ],
160 silly audit   'safer-buffer': [ '2.1.2' ],
160 silly audit   scheduler: [ '0.27.0' ],
160 silly audit   'set-function-length': [ '1.2.2' ],
160 silly audit   'set-function-name': [ '2.0.2' ],
160 silly audit   'set-proto': [ '1.0.0' ],
160 silly audit   sharp: [ '0.34.5' ],
160 silly audit   'shebang-command': [ '2.0.0' ],
160 silly audit   'shebang-regex': [ '3.0.0' ],
160 silly audit   'side-channel': [ '1.1.0' ],
160 silly audit   'side-channel-list': [ '1.0.0' ],
160 silly audit   'side-channel-map': [ '1.0.1' ],
160 silly audit   'side-channel-weakmap': [ '1.0.2' ],
160 silly audit   'simple-concat': [ '1.0.1' ],
160 silly audit   'simple-get': [ '4.0.1' ],
160 silly audit   'source-map-js': [ '1.2.1' ],
160 silly audit   'stable-hash': [ '0.0.5' ],
160 silly audit   'stop-iteration-iterator': [ '1.1.0' ],
160 silly audit   string_decoder: [ '1.3.0' ],
160 silly audit   'string.prototype.includes': [ '2.0.1' ],
160 silly audit   'string.prototype.matchall': [ '4.0.12' ],
160 silly audit   'string.prototype.repeat': [ '1.0.0' ],
160 silly audit   'string.prototype.trim': [ '1.2.10' ],
160 silly audit   'string.prototype.trimend': [ '1.0.9' ],
160 silly audit   'string.prototype.trimstart': [ '1.0.8' ],
160 silly audit   'strip-bom': [ '3.0.0' ],
160 silly audit   'styled-jsx': [ '5.1.6' ],
160 silly audit   'supports-color': [ '7.2.0' ],
160 silly audit   'supports-preserve-symlinks-flag': [ '1.0.0' ],
160 silly audit   tailwindcss: [ '4.2.1' ],
160 silly audit   tapable: [ '2.3.0' ],
160 silly audit   'tar-fs': [ '2.1.4' ],
160 silly audit   'tar-stream': [ '2.2.0' ],
160 silly audit   tinyglobby: [ '0.2.15' ],
160 silly audit   fdir: [ '6.5.0' ],
160 silly audit   'to-regex-range': [ '5.0.1' ],
160 silly audit   'ts-api-utils': [ '2.4.0' ],
160 silly audit   'tsconfig-paths': [ '3.15.0' ],
160 silly audit   tslib: [ '2.8.1' ],
160 silly audit   'tunnel-agent': [ '0.6.0' ],
160 silly audit   'type-check': [ '0.4.0' ],
160 silly audit   'typed-array-buffer': [ '1.0.3' ],
160 silly audit   'typed-array-byte-length': [ '1.0.3' ],
160 silly audit   'typed-array-byte-offset': [ '1.0.4' ],
160 silly audit   'typed-array-length': [ '1.0.7' ],
160 silly audit   typescript: [ '5.9.3' ],
160 silly audit   'typescript-eslint': [ '8.57.0' ],
160 silly audit   'unbox-primitive': [ '1.1.0' ],
160 silly audit   undici: [ '7.24.1' ],
160 silly audit   'undici-types': [ '6.21.0' ],
160 silly audit   'unrs-resolver': [ '1.11.1' ],
160 silly audit   'update-browserslist-db': [ '1.2.3' ],
160 silly audit   'uri-js': [ '4.4.1' ],
160 silly audit   'util-deprecate': [ '1.0.2' ],
160 silly audit   'whatwg-encoding': [ '3.1.1' ],
160 silly audit   'whatwg-mimetype': [ '4.0.0' ],
160 silly audit   which: [ '2.0.2' ],
160 silly audit   'which-boxed-primitive': [ '1.1.1' ],
160 silly audit   'which-builtin-type': [ '1.2.1' ],
160 silly audit   'which-collection': [ '1.0.2' ],
160 silly audit   'which-typed-array': [ '1.1.20' ],
160 silly audit   'word-wrap': [ '1.2.5' ],
160 silly audit   wrappy: [ '1.0.2' ],
160 silly audit   yallist: [ '3.1.1' ],
160 silly audit   'yocto-queue': [ '0.1.0' ],
160 silly audit   zod: [ '4.3.6' ],
160 silly audit   'zod-validation-error': [ '4.0.2' ],
160 silly audit   tsx: [ '4.21.0' ],
160 silly audit   esbuild: [ '0.27.4' ],
160 silly audit   fsevents: [ '2.3.3' ],
160 silly audit   '@esbuild/aix-ppc64': [ '0.27.4' ],
160 silly audit   '@esbuild/android-arm': [ '0.27.4' ],
160 silly audit   '@esbuild/android-arm64': [ '0.27.4' ],
160 silly audit   '@esbuild/android-x64': [ '0.27.4' ],
160 silly audit   '@esbuild/darwin-arm64': [ '0.27.4' ],
160 silly audit   '@esbuild/darwin-x64': [ '0.27.4' ],
160 silly audit   '@esbuild/freebsd-arm64': [ '0.27.4' ],
160 silly audit   '@esbuild/freebsd-x64': [ '0.27.4' ],
160 silly audit   '@esbuild/linux-arm': [ '0.27.4' ],
160 silly audit   '@esbuild/linux-arm64': [ '0.27.4' ],
160 silly audit   '@esbuild/linux-ia32': [ '0.27.4' ],
160 silly audit   '@esbuild/linux-loong64': [ '0.27.4' ],
160 silly audit   '@esbuild/linux-mips64el': [ '0.27.4' ],
160 silly audit   '@esbuild/linux-ppc64': [ '0.27.4' ],
160 silly audit   '@esbuild/linux-riscv64': [ '0.27.4' ],
160 silly audit   '@esbuild/linux-s390x': [ '0.27.4' ],
160 silly audit   '@esbuild/linux-x64': [ '0.27.4' ],
160 silly audit   '@esbuild/netbsd-arm64': [ '0.27.4' ],
160 silly audit   '@esbuild/netbsd-x64': [ '0.27.4' ],
160 silly audit   '@esbuild/openbsd-arm64': [ '0.27.4' ],
160 silly audit   '@esbuild/openbsd-x64': [ '0.27.4' ],
160 silly audit   '@esbuild/openharmony-arm64': [ '0.27.4' ],
160 silly audit   '@esbuild/sunos-x64': [ '0.27.4' ],
160 silly audit   '@esbuild/win32-arm64': [ '0.27.4' ],
160 silly audit   '@esbuild/win32-ia32': [ '0.27.4' ],
160 silly audit   '@esbuild/win32-x64': [ '0.27.4' ]
160 silly audit }
161 http cache @esbuild/win32-x64@https://registry.npmjs.org/@esbuild/win32-x64/-/win32-x64-0.27.4.tgz 0ms (cache hit)
162 http cache esbuild@https://registry.npmjs.org/esbuild/-/esbuild-0.27.4.tgz 0ms (cache hit)
163 http cache tsx@https://registry.npmjs.org/tsx/-/tsx-4.21.0.tgz 0ms (cache hit)
164 silly tarball no local data for @esbuild/win32-x64@https://registry.npmjs.org/@esbuild/win32-x64/-/win32-x64-0.27.4.tgz. Extracting by manifest.
165 silly tarball no local data for esbuild@https://registry.npmjs.org/esbuild/-/esbuild-0.27.4.tgz. Extracting by manifest.
166 silly tarball no local data for tsx@https://registry.npmjs.org/tsx/-/tsx-4.21.0.tgz. Extracting by manifest.
167 http fetch POST 200 https://registry.npmjs.org/-/npm/v1/security/advisories/bulk 301ms
168 silly audit report {}
169 http fetch GET 200 https://registry.npmjs.org/esbuild/-/esbuild-0.27.4.tgz 530ms (cache miss)
170 http fetch GET 200 https://registry.npmjs.org/tsx/-/tsx-4.21.0.tgz 712ms (cache miss)
171 http fetch GET 200 https://registry.npmjs.org/@esbuild/win32-x64/-/win32-x64-0.27.4.tgz 9760ms (cache miss)
172 info run esbuild@0.27.4 postinstall node_modules/esbuild node install.js
173 info run esbuild@0.27.4 postinstall { code: 0, signal: null }
174 silly ADD node_modules/@esbuild/win32-x64
175 silly ADD node_modules/esbuild
176 silly ADD node_modules/tsx
177 verbose cwd C:\Users\Administrator\Desktop\xiaoxm\douban-reborn
178 verbose os Windows_NT 10.0.19045
179 verbose node v24.14.0
180 verbose npm  v11.9.0
181 verbose exit 0
182 info ok
