0 verbose cli C:\Program Files\nodejs\node.exe C:\Program Files\nodejs\node_modules\npm\bin\npm-cli.js
1 info using npm@11.9.0
2 info using node@v24.14.0
3 silly config load:file:C:\Program Files\nodejs\node_modules\npm\npmrc
4 silly config load:file:C:\Users\Administrator\Desktop\xiaoxm\.npmrc
5 silly config load:file:C:\Users\Administrator\.npmrc
6 silly config load:file:C:\Users\Administrator\AppData\Roaming\npm\etc\npmrc
7 verbose title npm exec create-next-app@latest douban-reborn --ts --tailwind --eslint --app --src-dir --import-alias @/* --use-npm --webpack --disable-git --yes --skip-install
8 verbose argv "exec" "--" "create-next-app@latest" "douban-reborn" "--ts" "--tailwind" "--eslint" "--app" "--src-dir" "--import-alias" "@/*" "--use-npm" "--webpack" "--disable-git" "--yes" "--skip-install"
9 verbose logfile logs-max:10 dir:c:\Users\Administrator\Desktop\xiaoxm\.npm-cache\_logs\2026-03-13T23_52_11_777Z-
10 verbose logfile c:\Users\Administrator\Desktop\xiaoxm\.npm-cache\_logs\2026-03-13T23_52_11_777Z-debug-0.log
11 silly logfile done cleaning log files
12 silly packumentCache heap:4496293888 maxSize:1124073472 maxEntrySize:562036736
13 http fetch GET 200 https://registry.npmjs.org/create-next-app 2418ms (cache revalidated)
14 silly packumentCache heap:4496293888 maxSize:1124073472 maxEntrySize:562036736
15 silly packumentCache heap:4496293888 maxSize:1124073472 maxEntrySize:562036736
16 verbose cwd C:\Users\Administrator\Desktop\xiaoxm
17 verbose os Windows_NT 10.0.19045
18 verbose node v24.14.0
19 verbose npm  v11.9.0
20 verbose exit 0
21 info ok
