0 verbose cli C:\Program Files\nodejs\node.exe C:\Program Files\nodejs\node_modules\npm\bin\npm-cli.js
1 info using npm@11.9.0
2 info using node@v24.14.0
3 silly config load:file:C:\Program Files\nodejs\node_modules\npm\npmrc
4 silly config load:file:C:\Users\Administrator\Desktop\xiaoxm\douban-reborn\.npmrc
5 silly config load:file:C:\Users\Administrator\.npmrc
6 silly config load:file:C:\Users\Administrator\AppData\Roaming\npm\etc\npmrc
7 verbose title npm install better-sqlite3 cheerio lucide-react zod
8 verbose argv "install" "better-sqlite3" "cheerio" "lucide-react" "zod"
9 verbose logfile logs-max:10 dir:c:\Users\Administrator\Desktop\xiaoxm\.npm-cache\_logs\2026-03-13T23_59_10_301Z-
10 verbose logfile c:\Users\Administrator\Desktop\xiaoxm\.npm-cache\_logs\2026-03-13T23_59_10_301Z-debug-0.log
11 silly logfile done cleaning log files
12 silly packumentCache heap:4496293888 maxSize:1124073472 maxEntrySize:562036736
13 silly idealTree buildDeps
14 silly fetch manifest better-sqlite3@*
15 silly packumentCache full:https://registry.npmjs.org/better-sqlite3 cache-miss
16 http fetch GET 200 https://registry.npmjs.org/better-sqlite3 875ms (cache revalidated)
17 silly packumentCache full:https://registry.npmjs.org/better-sqlite3 set size:369802 disposed:false
18 silly fetch manifest cheerio@*
19 silly packumentCache full:https://registry.npmjs.org/cheerio cache-miss
20 http fetch GET 200 https://registry.npmjs.org/cheerio 235ms (cache revalidated)
21 silly packumentCache full:https://registry.npmjs.org/cheerio set size:169071 disposed:false
22 silly fetch manifest lucide-react@*
23 silly packumentCache full:https://registry.npmjs.org/lucide-react cache-miss
24 http fetch GET 200 https://registry.npmjs.org/lucide-react 214ms (cache revalidated)
25 silly packumentCache full:https://registry.npmjs.org/lucide-react set size:2199005 disposed:false
26 silly fetch manifest react@19.2.3
27 silly packumentCache full:https://registry.npmjs.org/react cache-miss
28 http cache https://registry.npmjs.org/react 14ms (cache hit)
29 silly packumentCache full:https://registry.npmjs.org/react set size:6543561 disposed:false
30 silly fetch manifest zod@*
31 silly packumentCache full:https://registry.npmjs.org/zod cache-miss
32 http fetch GET 200 https://registry.npmjs.org/zod 229ms (cache revalidated)
33 silly packumentCache full:https://registry.npmjs.org/zod set size:3489329 disposed:false
34 silly placeDep ROOT better-sqlite3@12.6.2 OK for: douban-reborn@0.1.0 want: *
35 silly placeDep ROOT cheerio@1.2.0 OK for: douban-reborn@0.1.0 want: *
36 silly placeDep ROOT lucide-react@0.577.0 OK for: douban-reborn@0.1.0 want: *
37 silly placeDep ROOT zod@4.3.6 REPLACE for: douban-reborn@0.1.0 want: *
38 silly fetch manifest bindings@^1.5.0
39 silly packumentCache full:https://registry.npmjs.org/bindings cache-miss
40 silly fetch manifest prebuild-install@^7.1.1
41 silly packumentCache full:https://registry.npmjs.org/prebuild-install cache-miss
42 silly fetch manifest parse5@^7.3.0
43 silly packumentCache full:https://registry.npmjs.org/parse5 cache-miss
44 silly fetch manifest undici@^7.19.0
45 silly packumentCache full:https://registry.npmjs.org/undici cache-miss
46 silly fetch manifest domutils@^3.2.2
47 silly packumentCache full:https://registry.npmjs.org/domutils cache-miss
48 silly fetch manifest domhandler@^5.0.3
49 silly packumentCache full:https://registry.npmjs.org/domhandler cache-miss
50 silly fetch manifest htmlparser2@^10.1.0
51 silly packumentCache full:https://registry.npmjs.org/htmlparser2 cache-miss
52 silly fetch manifest cheerio-select@^2.1.0
53 silly packumentCache full:https://registry.npmjs.org/cheerio-select cache-miss
54 silly fetch manifest dom-serializer@^2.0.0
55 silly packumentCache full:https://registry.npmjs.org/dom-serializer cache-miss
56 silly fetch manifest whatwg-mimetype@^4.0.0
57 silly packumentCache full:https://registry.npmjs.org/whatwg-mimetype cache-miss
58 silly fetch manifest encoding-sniffer@^0.2.1
59 silly packumentCache full:https://registry.npmjs.org/encoding-sniffer cache-miss
60 silly fetch manifest parse5-parser-stream@^7.1.2
61 silly packumentCache full:https://registry.npmjs.org/parse5-parser-stream cache-miss
62 silly fetch manifest parse5-htmlparser2-tree-adapter@^7.1.0
63 silly packumentCache full:https://registry.npmjs.org/parse5-htmlparser2-tree-adapter cache-miss
64 http cache https://registry.npmjs.org/prebuild-install 13ms (cache hit)
65 silly packumentCache full:https://registry.npmjs.org/prebuild-install set size:184615 disposed:false
66 http cache https://registry.npmjs.org/bindings 16ms (cache hit)
67 silly packumentCache full:https://registry.npmjs.org/bindings set size:31303 disposed:false
68 http cache https://registry.npmjs.org/parse5 17ms (cache hit)
69 silly packumentCache full:https://registry.npmjs.org/parse5 set size:120807 disposed:false
70 http cache https://registry.npmjs.org/whatwg-mimetype 17ms (cache hit)
71 silly packumentCache full:https://registry.npmjs.org/whatwg-mimetype set size:28179 disposed:false
72 http cache https://registry.npmjs.org/domhandler 18ms (cache hit)
73 silly packumentCache full:https://registry.npmjs.org/domhandler set size:73300 disposed:false
74 http cache https://registry.npmjs.org/undici 21ms (cache hit)
75 silly packumentCache full:https://registry.npmjs.org/undici set size:1297845 disposed:false
76 http cache https://registry.npmjs.org/cheerio-select 26ms (cache hit)
77 silly packumentCache full:https://registry.npmjs.org/cheerio-select set size:36915 disposed:false
78 http cache https://registry.npmjs.org/htmlparser2 27ms (cache hit)
79 silly packumentCache full:https://registry.npmjs.org/htmlparser2 set size:165347 disposed:false
80 http cache https://registry.npmjs.org/domutils 30ms (cache hit)
81 silly packumentCache full:https://registry.npmjs.org/domutils set size:102772 disposed:false
82 http cache https://registry.npmjs.org/encoding-sniffer 30ms (cache hit)
83 silly packumentCache full:https://registry.npmjs.org/encoding-sniffer set size:24583 disposed:false
84 http cache https://registry.npmjs.org/parse5-htmlparser2-tree-adapter 29ms (cache hit)
85 silly packumentCache full:https://registry.npmjs.org/parse5-htmlparser2-tree-adapter set size:21911 disposed:false
86 http cache https://registry.npmjs.org/dom-serializer 30ms (cache hit)
87 silly packumentCache full:https://registry.npmjs.org/dom-serializer set size:52161 disposed:false
88 http cache https://registry.npmjs.org/parse5-parser-stream 30ms (cache hit)
89 silly packumentCache full:https://registry.npmjs.org/parse5-parser-stream set size:21978 disposed:false
90 silly placeDep ROOT bindings@1.5.0 OK for: better-sqlite3@12.6.2 want: ^1.5.0
91 silly placeDep ROOT prebuild-install@7.1.3 OK for: better-sqlite3@12.6.2 want: ^7.1.1
92 silly fetch manifest file-uri-to-path@1.0.0
93 silly packumentCache full:https://registry.npmjs.org/file-uri-to-path cache-miss
94 silly fetch manifest rc@^1.2.7
95 silly packumentCache full:https://registry.npmjs.org/rc cache-miss
96 silly fetch manifest pump@^3.0.0
97 silly packumentCache full:https://registry.npmjs.org/pump cache-miss
98 silly fetch manifest tar-fs@^2.0.0
99 silly packumentCache full:https://registry.npmjs.org/tar-fs cache-miss
100 silly fetch manifest node-abi@^3.3.0
101 silly packumentCache full:https://registry.npmjs.org/node-abi cache-miss
102 silly fetch manifest simple-get@^4.0.0
103 silly packumentCache full:https://registry.npmjs.org/simple-get cache-miss
104 silly fetch manifest tunnel-agent@^0.6.0
105 silly packumentCache full:https://registry.npmjs.org/tunnel-agent cache-miss
106 silly fetch manifest mkdirp-classic@^0.5.3
107 silly packumentCache full:https://registry.npmjs.org/mkdirp-classic cache-miss
108 silly fetch manifest expand-template@^2.0.3
109 silly packumentCache full:https://registry.npmjs.org/expand-template cache-miss
110 silly fetch manifest napi-build-utils@^2.0.0
111 silly packumentCache full:https://registry.npmjs.org/napi-build-utils cache-miss
112 silly fetch manifest github-from-package@0.0.0
113 silly packumentCache full:https://registry.npmjs.org/github-from-package cache-miss
114 http cache https://registry.npmjs.org/file-uri-to-path 10ms (cache hit)
115 silly packumentCache full:https://registry.npmjs.org/file-uri-to-path set size:10154 disposed:false
116 http cache https://registry.npmjs.org/rc 11ms (cache hit)
117 silly packumentCache full:https://registry.npmjs.org/rc set size:70417 disposed:false
118 http cache https://registry.npmjs.org/node-abi 11ms (cache hit)
119 silly packumentCache full:https://registry.npmjs.org/node-abi set size:353769 disposed:false
120 http cache https://registry.npmjs.org/simple-get 14ms (cache hit)
121 silly packumentCache full:https://registry.npmjs.org/simple-get set size:90014 disposed:false
122 http cache https://registry.npmjs.org/pump 15ms (cache hit)
123 silly packumentCache full:https://registry.npmjs.org/pump set size:41178 disposed:false
124 http cache https://registry.npmjs.org/mkdirp-classic 15ms (cache hit)
125 silly packumentCache full:https://registry.npmjs.org/mkdirp-classic set size:5503 disposed:false
126 http cache https://registry.npmjs.org/tar-fs 16ms (cache hit)
127 silly packumentCache full:https://registry.npmjs.org/tar-fs set size:122750 disposed:false
128 http cache https://registry.npmjs.org/tunnel-agent 17ms (cache hit)
129 silly packumentCache full:https://registry.npmjs.org/tunnel-agent set size:12847 disposed:false
130 http cache https://registry.npmjs.org/napi-build-utils 17ms (cache hit)
131 silly packumentCache full:https://registry.npmjs.org/napi-build-utils set size:13501 disposed:false
132 http cache https://registry.npmjs.org/expand-template 18ms (cache hit)
133 silly packumentCache full:https://registry.npmjs.org/expand-template set size:23203 disposed:false
134 http cache https://registry.npmjs.org/github-from-package 17ms (cache hit)
135 silly packumentCache full:https://registry.npmjs.org/github-from-package set size:3718 disposed:false
136 silly placeDep ROOT file-uri-to-path@1.0.0 OK for: bindings@1.5.0 want: 1.0.0
137 silly placeDep ROOT cheerio-select@2.1.0 OK for: cheerio@1.2.0 want: ^2.1.0
138 silly placeDep ROOT dom-serializer@2.0.0 OK for: cheerio@1.2.0 want: ^2.0.0
139 silly placeDep ROOT domhandler@5.0.3 OK for: cheerio@1.2.0 want: ^5.0.3
140 silly placeDep ROOT domutils@3.2.2 OK for: cheerio@1.2.0 want: ^3.2.2
141 silly placeDep ROOT encoding-sniffer@0.2.1 OK for: cheerio@1.2.0 want: ^0.2.1
142 silly placeDep ROOT htmlparser2@10.1.0 OK for: cheerio@1.2.0 want: ^10.1.0
143 silly placeDep ROOT parse5@7.3.0 OK for: cheerio@1.2.0 want: ^7.3.0
144 silly placeDep ROOT parse5-htmlparser2-tree-adapter@7.1.0 OK for: cheerio@1.2.0 want: ^7.1.0
145 silly placeDep ROOT parse5-parser-stream@7.1.2 OK for: cheerio@1.2.0 want: ^7.1.2
146 silly placeDep ROOT undici@7.24.1 OK for: cheerio@1.2.0 want: ^7.19.0
147 silly placeDep ROOT whatwg-mimetype@4.0.0 OK for: cheerio@1.2.0 want: ^4.0.0
148 silly fetch manifest boolbase@^1.0.0
149 silly packumentCache full:https://registry.npmjs.org/boolbase cache-miss
150 silly fetch manifest css-what@^6.1.0
151 silly packumentCache full:https://registry.npmjs.org/css-what cache-miss
152 silly fetch manifest domutils@^3.0.1
153 silly packumentCache full:https://registry.npmjs.org/domutils cache-hit
154 silly fetch manifest css-select@^5.1.0
155 silly packumentCache full:https://registry.npmjs.org/css-select cache-miss
156 silly fetch manifest domelementtype@^2.3.0
157 silly packumentCache full:https://registry.npmjs.org/domelementtype cache-miss
158 silly fetch manifest entities@^4.2.0
159 silly packumentCache full:https://registry.npmjs.org/entities cache-miss
160 silly fetch manifest domhandler@^5.0.2
161 silly packumentCache full:https://registry.npmjs.org/domhandler cache-hit
162 silly fetch manifest domelementtype@^2.3.0
163 silly packumentCache full:https://registry.npmjs.org/domelementtype cache-miss
164 silly fetch manifest domelementtype@^2.3.0
165 silly packumentCache full:https://registry.npmjs.org/domelementtype cache-miss
166 silly fetch manifest domelementtype@^2.3.0
167 silly packumentCache full:https://registry.npmjs.org/domelementtype cache-miss
168 silly fetch manifest iconv-lite@^0.6.3
169 silly packumentCache full:https://registry.npmjs.org/iconv-lite cache-miss
170 silly fetch manifest whatwg-encoding@^3.1.1
171 silly packumentCache full:https://registry.npmjs.org/whatwg-encoding cache-miss
172 silly fetch manifest entities@^7.0.1
173 silly packumentCache full:https://registry.npmjs.org/entities cache-miss
174 silly fetch manifest domelementtype@^2.3.0
175 silly packumentCache full:https://registry.npmjs.org/domelementtype cache-miss
176 silly fetch manifest entities@^6.0.0
177 silly packumentCache full:https://registry.npmjs.org/entities cache-miss
178 http cache https://registry.npmjs.org/entities 57ms (cache hit)
179 silly packumentCache full:https://registry.npmjs.org/entities set size:99036 disposed:false
180 http cache https://registry.npmjs.org/boolbase 60ms (cache hit)
181 silly packumentCache full:https://registry.npmjs.org/boolbase set size:2451 disposed:false
182 http cache https://registry.npmjs.org/entities 58ms (cache hit)
183 silly packumentCache full:https://registry.npmjs.org/entities set size:99036 disposed:false
184 silly packumentCache full:https://registry.npmjs.org/entities dispose
185 http cache https://registry.npmjs.org/domelementtype 59ms (cache hit)
186 silly packumentCache full:https://registry.npmjs.org/domelementtype set size:30945 disposed:false
187 http cache https://registry.npmjs.org/iconv-lite 60ms (cache hit)
188 silly packumentCache full:https://registry.npmjs.org/iconv-lite set size:120557 disposed:false
189 http cache https://registry.npmjs.org/domelementtype 62ms (cache hit)
190 silly packumentCache full:https://registry.npmjs.org/domelementtype set size:30945 disposed:false
191 silly packumentCache full:https://registry.npmjs.org/domelementtype dispose
192 http cache https://registry.npmjs.org/whatwg-encoding 61ms (cache hit)
193 silly packumentCache full:https://registry.npmjs.org/whatwg-encoding set size:25704 disposed:false
194 http cache https://registry.npmjs.org/css-select 63ms (cache hit)
195 silly packumentCache full:https://registry.npmjs.org/css-select set size:108853 disposed:false
196 http cache https://registry.npmjs.org/domelementtype 64ms (cache hit)
197 silly packumentCache full:https://registry.npmjs.org/domelementtype set size:30945 disposed:true
198 silly packumentCache full:https://registry.npmjs.org/domelementtype dispose
199 http cache https://registry.npmjs.org/entities 62ms (cache hit)
200 silly packumentCache full:https://registry.npmjs.org/entities set size:99036 disposed:true
201 silly packumentCache full:https://registry.npmjs.org/entities dispose
202 http cache https://registry.npmjs.org/domelementtype 64ms (cache hit)
203 silly packumentCache full:https://registry.npmjs.org/domelementtype set size:30945 disposed:true
204 silly packumentCache full:https://registry.npmjs.org/domelementtype dispose
205 http cache https://registry.npmjs.org/domelementtype 65ms (cache hit)
206 silly packumentCache full:https://registry.npmjs.org/domelementtype set size:30945 disposed:true
207 silly packumentCache full:https://registry.npmjs.org/domelementtype dispose
208 http cache https://registry.npmjs.org/css-what 66ms (cache hit)
209 silly packumentCache full:https://registry.npmjs.org/css-what set size:79769 disposed:false
210 silly placeDep ROOT boolbase@1.0.0 OK for: cheerio-select@2.1.0 want: ^1.0.0
211 silly placeDep ROOT css-select@5.2.2 OK for: cheerio-select@2.1.0 want: ^5.1.0
212 silly placeDep ROOT css-what@6.2.2 OK for: cheerio-select@2.1.0 want: ^6.1.0
213 silly placeDep ROOT domelementtype@2.3.0 OK for: cheerio-select@2.1.0 want: ^2.3.0
214 silly fetch manifest nth-check@^2.0.1
215 silly packumentCache full:https://registry.npmjs.org/nth-check cache-miss
216 http cache https://registry.npmjs.org/nth-check 3ms (cache hit)
217 silly packumentCache full:https://registry.npmjs.org/nth-check set size:22973 disposed:false
218 silly placeDep ROOT nth-check@2.1.1 OK for: css-select@5.2.2 want: ^2.0.1
219 silly placeDep ROOT entities@4.5.0 OK for: dom-serializer@2.0.0 want: ^4.2.0
220 silly placeDep ROOT iconv-lite@0.6.3 OK for: encoding-sniffer@0.2.1 want: ^0.6.3
221 silly placeDep ROOT whatwg-encoding@3.1.1 OK for: encoding-sniffer@0.2.1 want: ^3.1.1
222 silly fetch manifest safer-buffer@>= 2.1.2 < 3.0.0
223 silly packumentCache full:https://registry.npmjs.org/safer-buffer cache-miss
224 http cache https://registry.npmjs.org/safer-buffer 3ms (cache hit)
225 silly packumentCache full:https://registry.npmjs.org/safer-buffer set size:18521 disposed:false
226 silly placeDep node_modules/htmlparser2 entities@7.0.1 OK for: htmlparser2@10.1.0 want: ^7.0.1
227 silly placeDep ROOT safer-buffer@2.1.2 OK for: iconv-lite@0.6.3 want: >= 2.1.2 < 3.0.0
228 silly placeDep node_modules/parse5 entities@6.0.1 OK for: parse5@7.3.0 want: ^6.0.0
229 silly placeDep ROOT expand-template@2.0.3 OK for: prebuild-install@7.1.3 want: ^2.0.3
230 silly placeDep ROOT github-from-package@0.0.0 OK for: prebuild-install@7.1.3 want: 0.0.0
231 silly placeDep ROOT mkdirp-classic@0.5.3 OK for: prebuild-install@7.1.3 want: ^0.5.3
232 silly placeDep ROOT napi-build-utils@2.0.0 OK for: prebuild-install@7.1.3 want: ^2.0.0
233 silly placeDep ROOT node-abi@3.88.0 OK for: prebuild-install@7.1.3 want: ^3.3.0
234 silly placeDep ROOT pump@3.0.4 OK for: prebuild-install@7.1.3 want: ^3.0.0
235 silly placeDep ROOT rc@1.2.8 OK for: prebuild-install@7.1.3 want: ^1.2.7
236 silly placeDep ROOT simple-get@4.0.1 OK for: prebuild-install@7.1.3 want: ^4.0.0
237 silly placeDep ROOT tar-fs@2.1.4 OK for: prebuild-install@7.1.3 want: ^2.0.0
238 silly placeDep ROOT tunnel-agent@0.6.0 OK for: prebuild-install@7.1.3 want: ^0.6.0
239 silly fetch manifest semver@^7.3.5
240 silly packumentCache full:https://registry.npmjs.org/semver cache-miss
241 silly fetch manifest end-of-stream@^1.1.0
242 silly packumentCache full:https://registry.npmjs.org/end-of-stream cache-miss
243 silly fetch manifest once@^1.3.1
244 silly packumentCache full:https://registry.npmjs.org/once cache-miss
245 silly fetch manifest ini@~1.3.0
246 silly packumentCache full:https://registry.npmjs.org/ini cache-miss
247 silly fetch manifest deep-extend@^0.6.0
248 silly packumentCache full:https://registry.npmjs.org/deep-extend cache-miss
249 silly fetch manifest strip-json-comments@~2.0.1
250 silly packumentCache full:https://registry.npmjs.org/strip-json-comments cache-miss
251 silly fetch manifest decompress-response@^6.0.0
252 silly packumentCache full:https://registry.npmjs.org/decompress-response cache-miss
253 silly fetch manifest once@^1.3.1
254 silly packumentCache full:https://registry.npmjs.org/once cache-miss
255 silly fetch manifest simple-concat@^1.0.0
256 silly packumentCache full:https://registry.npmjs.org/simple-concat cache-miss
257 silly fetch manifest chownr@^1.1.1
258 silly packumentCache full:https://registry.npmjs.org/chownr cache-miss
259 silly fetch manifest tar-stream@^2.1.4
260 silly packumentCache full:https://registry.npmjs.org/tar-stream cache-miss
261 silly fetch manifest safe-buffer@^5.0.1
262 silly packumentCache full:https://registry.npmjs.org/safe-buffer cache-miss
263 http cache https://registry.npmjs.org/once 10ms (cache hit)
264 silly packumentCache full:https://registry.npmjs.org/once set size:11752 disposed:false
265 http cache https://registry.npmjs.org/end-of-stream 11ms (cache hit)
266 silly packumentCache full:https://registry.npmjs.org/end-of-stream set size:27842 disposed:false
267 http cache https://registry.npmjs.org/ini 10ms (cache hit)
268 silly packumentCache full:https://registry.npmjs.org/ini set size:57019 disposed:false
269 http cache https://registry.npmjs.org/decompress-response 11ms (cache hit)
270 silly packumentCache full:https://registry.npmjs.org/decompress-response set size:36213 disposed:false
271 http cache https://registry.npmjs.org/semver 13ms (cache hit)
272 silly packumentCache full:https://registry.npmjs.org/semver set size:229678 disposed:false
273 http cache https://registry.npmjs.org/deep-extend 14ms (cache hit)
274 silly packumentCache full:https://registry.npmjs.org/deep-extend set size:34472 disposed:false
275 http cache https://registry.npmjs.org/once 14ms (cache hit)
276 silly packumentCache full:https://registry.npmjs.org/once set size:11752 disposed:false
277 silly packumentCache full:https://registry.npmjs.org/once dispose
278 http cache https://registry.npmjs.org/simple-concat 15ms (cache hit)
279 silly packumentCache full:https://registry.npmjs.org/simple-concat set size:6304 disposed:false
280 http cache https://registry.npmjs.org/safe-buffer 14ms (cache hit)
281 silly packumentCache full:https://registry.npmjs.org/safe-buffer set size:41183 disposed:false
282 http cache https://registry.npmjs.org/tar-stream 15ms (cache hit)
283 silly packumentCache full:https://registry.npmjs.org/tar-stream set size:134193 disposed:false
284 http cache https://registry.npmjs.org/strip-json-comments 17ms (cache hit)
285 silly packumentCache full:https://registry.npmjs.org/strip-json-comments set size:43569 disposed:false
286 http cache https://registry.npmjs.org/chownr 17ms (cache hit)
287 silly packumentCache full:https://registry.npmjs.org/chownr set size:22157 disposed:false
288 silly placeDep node_modules/node-abi semver@7.7.4 OK for: node-abi@3.88.0 want: ^7.3.5
289 silly placeDep ROOT end-of-stream@1.4.5 OK for: pump@3.0.4 want: ^1.1.0
290 silly placeDep ROOT once@1.4.0 OK for: pump@3.0.4 want: ^1.3.1
291 silly fetch manifest once@^1.4.0
292 silly packumentCache full:https://registry.npmjs.org/once cache-hit
293 silly fetch manifest wrappy@1
294 silly packumentCache full:https://registry.npmjs.org/wrappy cache-miss
295 http cache https://registry.npmjs.org/wrappy 7ms (cache hit)
296 silly packumentCache full:https://registry.npmjs.org/wrappy set size:7682 disposed:false
297 silly placeDep ROOT wrappy@1.0.2 OK for: once@1.4.0 want: 1
298 silly placeDep ROOT deep-extend@0.6.0 OK for: rc@1.2.8 want: ^0.6.0
299 silly placeDep ROOT ini@1.3.8 OK for: rc@1.2.8 want: ~1.3.0
300 silly placeDep node_modules/rc strip-json-comments@2.0.1 OK for: rc@1.2.8 want: ~2.0.1
301 silly placeDep ROOT decompress-response@6.0.0 OK for: simple-get@4.0.1 want: ^6.0.0
302 silly placeDep ROOT simple-concat@1.0.1 OK for: simple-get@4.0.1 want: ^1.0.0
303 silly fetch manifest mimic-response@^3.1.0
304 silly packumentCache full:https://registry.npmjs.org/mimic-response cache-miss
305 http cache https://registry.npmjs.org/mimic-response 2ms (cache hit)
306 silly packumentCache full:https://registry.npmjs.org/mimic-response set size:20174 disposed:false
307 silly placeDep ROOT mimic-response@3.1.0 OK for: decompress-response@6.0.0 want: ^3.1.0
308 silly placeDep ROOT chownr@1.1.4 OK for: tar-fs@2.1.4 want: ^1.1.1
309 silly placeDep ROOT tar-stream@2.2.0 OK for: tar-fs@2.1.4 want: ^2.1.4
310 silly fetch manifest bl@^4.0.3
311 silly packumentCache full:https://registry.npmjs.org/bl cache-miss
312 silly fetch manifest inherits@^2.0.3
313 silly packumentCache full:https://registry.npmjs.org/inherits cache-miss
314 silly fetch manifest fs-constants@^1.0.0
315 silly packumentCache full:https://registry.npmjs.org/fs-constants cache-miss
316 silly fetch manifest readable-stream@^3.1.1
317 silly packumentCache full:https://registry.npmjs.org/readable-stream cache-miss
318 http cache https://registry.npmjs.org/bl 4ms (cache hit)
319 silly packumentCache full:https://registry.npmjs.org/bl set size:188910 disposed:false
320 http cache https://registry.npmjs.org/inherits 6ms (cache hit)
321 silly packumentCache full:https://registry.npmjs.org/inherits set size:12925 disposed:false
322 http cache https://registry.npmjs.org/readable-stream 6ms (cache hit)
323 silly packumentCache full:https://registry.npmjs.org/readable-stream set size:261096 disposed:false
324 http cache https://registry.npmjs.org/fs-constants 8ms (cache hit)
325 silly packumentCache full:https://registry.npmjs.org/fs-constants set size:3522 disposed:false
326 silly placeDep ROOT bl@4.1.0 OK for: tar-stream@2.2.0 want: ^4.0.3
327 silly placeDep ROOT fs-constants@1.0.0 OK for: tar-stream@2.2.0 want: ^1.0.0
328 silly placeDep ROOT inherits@2.0.4 OK for: tar-stream@2.2.0 want: ^2.0.3
329 silly placeDep ROOT readable-stream@3.6.2 OK for: tar-stream@2.2.0 want: ^3.1.1
330 silly fetch manifest buffer@^5.5.0
331 silly packumentCache full:https://registry.npmjs.org/buffer cache-miss
332 silly fetch manifest inherits@^2.0.4
333 silly packumentCache full:https://registry.npmjs.org/inherits cache-hit
334 silly fetch manifest readable-stream@^3.4.0
335 silly packumentCache full:https://registry.npmjs.org/readable-stream cache-hit
336 silly fetch manifest string_decoder@^1.1.1
337 silly packumentCache full:https://registry.npmjs.org/string_decoder cache-miss
338 silly fetch manifest util-deprecate@^1.0.1
339 silly packumentCache full:https://registry.npmjs.org/util-deprecate cache-miss
340 http cache https://registry.npmjs.org/util-deprecate 3ms (cache hit)
341 silly packumentCache full:https://registry.npmjs.org/util-deprecate set size:6674 disposed:false
342 http cache https://registry.npmjs.org/string_decoder 4ms (cache hit)
343 silly packumentCache full:https://registry.npmjs.org/string_decoder set size:28441 disposed:false
344 http cache https://registry.npmjs.org/buffer 6ms (cache hit)
345 silly packumentCache full:https://registry.npmjs.org/buffer set size:280480 disposed:false
346 silly placeDep ROOT buffer@5.7.1 OK for: bl@4.1.0 want: ^5.5.0
347 silly fetch manifest base64-js@^1.3.1
348 silly packumentCache full:https://registry.npmjs.org/base64-js cache-miss
349 silly fetch manifest ieee754@^1.1.13
350 silly packumentCache full:https://registry.npmjs.org/ieee754 cache-miss
351 http cache https://registry.npmjs.org/ieee754 2ms (cache hit)
352 silly packumentCache full:https://registry.npmjs.org/ieee754 set size:34910 disposed:false
353 http cache https://registry.npmjs.org/base64-js 4ms (cache hit)
354 silly packumentCache full:https://registry.npmjs.org/base64-js set size:41270 disposed:false
355 silly placeDep ROOT base64-js@1.5.1 OK for: buffer@5.7.1 want: ^1.3.1
356 silly placeDep ROOT ieee754@1.2.1 OK for: buffer@5.7.1 want: ^1.1.13
357 silly placeDep ROOT string_decoder@1.3.0 OK for: readable-stream@3.6.2 want: ^1.1.1
358 silly placeDep ROOT util-deprecate@1.0.2 OK for: readable-stream@3.6.2 want: ^1.0.1
359 silly fetch manifest safe-buffer@~5.2.0
360 silly packumentCache full:https://registry.npmjs.org/safe-buffer cache-hit
361 silly placeDep ROOT safe-buffer@5.2.1 OK for: string_decoder@1.3.0 want: ~5.2.0
362 silly reify moves {}
363 silly audit bulk request {
363 silly audit   '@alloc/quick-lru': [ '5.2.0' ],
363 silly audit   '@babel/code-frame': [ '7.29.0' ],
363 silly audit   '@babel/compat-data': [ '7.29.0' ],
363 silly audit   '@babel/core': [ '7.29.0' ],
363 silly audit   '@babel/generator': [ '7.29.1' ],
363 silly audit   '@babel/helper-compilation-targets': [ '7.28.6' ],
363 silly audit   '@babel/helper-globals': [ '7.28.0' ],
363 silly audit   '@babel/helper-module-imports': [ '7.28.6' ],
363 silly audit   '@babel/helper-module-transforms': [ '7.28.6' ],
363 silly audit   '@babel/helper-string-parser': [ '7.27.1' ],
363 silly audit   '@babel/helper-validator-identifier': [ '7.28.5' ],
363 silly audit   '@babel/helper-validator-option': [ '7.27.1' ],
363 silly audit   '@babel/helpers': [ '7.28.6' ],
363 silly audit   '@babel/parser': [ '7.29.0' ],
363 silly audit   '@babel/template': [ '7.28.6' ],
363 silly audit   '@babel/traverse': [ '7.29.0' ],
363 silly audit   '@babel/types': [ '7.29.0' ],
363 silly audit   '@emnapi/core': [ '1.9.0' ],
363 silly audit   '@emnapi/runtime': [ '1.9.0' ],
363 silly audit   '@emnapi/wasi-threads': [ '1.2.0' ],
363 silly audit   '@eslint-community/eslint-utils': [ '4.9.1' ],
363 silly audit   'eslint-visitor-keys': [ '3.4.3', '5.0.1', '4.2.1' ],
363 silly audit   '@eslint-community/regexpp': [ '4.12.2' ],
363 silly audit   '@eslint/config-array': [ '0.21.2' ],
363 silly audit   '@eslint/config-helpers': [ '0.4.2' ],
363 silly audit   '@eslint/core': [ '0.17.0' ],
363 silly audit   '@eslint/eslintrc': [ '3.3.5' ],
363 silly audit   '@eslint/js': [ '9.39.4' ],
363 silly audit   '@eslint/object-schema': [ '2.1.7' ],
363 silly audit   '@eslint/plugin-kit': [ '0.4.1' ],
363 silly audit   '@humanfs/core': [ '0.19.1' ],
363 silly audit   '@humanfs/node': [ '0.16.7' ],
363 silly audit   '@humanwhocodes/module-importer': [ '1.0.1' ],
363 silly audit   '@humanwhocodes/retry': [ '0.4.3' ],
363 silly audit   '@img/colour': [ '1.1.0' ],
363 silly audit   '@img/sharp-darwin-arm64': [ '0.34.5' ],
363 silly audit   '@img/sharp-darwin-x64': [ '0.34.5' ],
363 silly audit   '@img/sharp-libvips-darwin-arm64': [ '1.2.4' ],
363 silly audit   '@img/sharp-libvips-darwin-x64': [ '1.2.4' ],
363 silly audit   '@img/sharp-libvips-linux-arm': [ '1.2.4' ],
363 silly audit   '@img/sharp-libvips-linux-arm64': [ '1.2.4' ],
363 silly audit   '@img/sharp-libvips-linux-ppc64': [ '1.2.4' ],
363 silly audit   '@img/sharp-libvips-linux-riscv64': [ '1.2.4' ],
363 silly audit   '@img/sharp-libvips-linux-s390x': [ '1.2.4' ],
363 silly audit   '@img/sharp-libvips-linux-x64': [ '1.2.4' ],
363 silly audit   '@img/sharp-libvips-linuxmusl-arm64': [ '1.2.4' ],
363 silly audit   '@img/sharp-libvips-linuxmusl-x64': [ '1.2.4' ],
363 silly audit   '@img/sharp-linux-arm': [ '0.34.5' ],
363 silly audit   '@img/sharp-linux-arm64': [ '0.34.5' ],
363 silly audit   '@img/sharp-linux-ppc64': [ '0.34.5' ],
363 silly audit   '@img/sharp-linux-riscv64': [ '0.34.5' ],
363 silly audit   '@img/sharp-linux-s390x': [ '0.34.5' ],
363 silly audit   '@img/sharp-linux-x64': [ '0.34.5' ],
363 silly audit   '@img/sharp-linuxmusl-arm64': [ '0.34.5' ],
363 silly audit   '@img/sharp-linuxmusl-x64': [ '0.34.5' ],
363 silly audit   '@img/sharp-wasm32': [ '0.34.5' ],
363 silly audit   '@img/sharp-win32-arm64': [ '0.34.5' ],
363 silly audit   '@img/sharp-win32-ia32': [ '0.34.5' ],
363 silly audit   '@img/sharp-win32-x64': [ '0.34.5' ],
363 silly audit   '@jridgewell/gen-mapping': [ '0.3.13' ],
363 silly audit   '@jridgewell/remapping': [ '2.3.5' ],
363 silly audit   '@jridgewell/resolve-uri': [ '3.1.2' ],
363 silly audit   '@jridgewell/sourcemap-codec': [ '1.5.5' ],
363 silly audit   '@jridgewell/trace-mapping': [ '0.3.31' ],
363 silly audit   '@napi-rs/wasm-runtime': [ '0.2.12' ],
363 silly audit   '@next/env': [ '16.1.6' ],
363 silly audit   '@next/eslint-plugin-next': [ '16.1.6' ],
363 silly audit   '@next/swc-darwin-arm64': [ '16.1.6' ],
363 silly audit   '@next/swc-darwin-x64': [ '16.1.6' ],
363 silly audit   '@next/swc-linux-arm64-gnu': [ '16.1.6' ],
363 silly audit   '@next/swc-linux-arm64-musl': [ '16.1.6' ],
363 silly audit   '@next/swc-linux-x64-gnu': [ '16.1.6' ],
363 silly audit   '@next/swc-linux-x64-musl': [ '16.1.6' ],
363 silly audit   '@next/swc-win32-arm64-msvc': [ '16.1.6' ],
363 silly audit   '@next/swc-win32-x64-msvc': [ '16.1.6' ],
363 silly audit   '@nodelib/fs.scandir': [ '2.1.5' ],
363 silly audit   '@nodelib/fs.stat': [ '2.0.5' ],
363 silly audit   '@nodelib/fs.walk': [ '1.2.8' ],
363 silly audit   '@nolyfill/is-core-module': [ '1.0.39' ],
363 silly audit   '@rtsao/scc': [ '1.1.0' ],
363 silly audit   '@swc/helpers': [ '0.5.15' ],
363 silly audit   '@tailwindcss/node': [ '4.2.1' ],
363 silly audit   '@tailwindcss/oxide': [ '4.2.1' ],
363 silly audit   '@tailwindcss/oxide-android-arm64': [ '4.2.1' ],
363 silly audit   '@tailwindcss/oxide-darwin-arm64': [ '4.2.1' ],
363 silly audit   '@tailwindcss/oxide-darwin-x64': [ '4.2.1' ],
363 silly audit   '@tailwindcss/oxide-freebsd-x64': [ '4.2.1' ],
363 silly audit   '@tailwindcss/oxide-linux-arm-gnueabihf': [ '4.2.1' ],
363 silly audit   '@tailwindcss/oxide-linux-arm64-gnu': [ '4.2.1' ],
363 silly audit   '@tailwindcss/oxide-linux-arm64-musl': [ '4.2.1' ],
363 silly audit   '@tailwindcss/oxide-linux-x64-gnu': [ '4.2.1' ],
363 silly audit   '@tailwindcss/oxide-linux-x64-musl': [ '4.2.1' ],
363 silly audit   '@tailwindcss/oxide-wasm32-wasi': [ '4.2.1' ],
363 silly audit   '@tailwindcss/oxide-win32-arm64-msvc': [ '4.2.1' ],
363 silly audit   '@tailwindcss/oxide-win32-x64-msvc': [ '4.2.1' ],
363 silly audit   '@tailwindcss/postcss': [ '4.2.1' ],
363 silly audit   '@tybys/wasm-util': [ '0.10.1' ],
363 silly audit   '@types/estree': [ '1.0.8' ],
363 silly audit   '@types/json-schema': [ '7.0.15' ],
363 silly audit   '@types/json5': [ '0.0.29' ],
363 silly audit   '@types/node': [ '20.19.37' ],
363 silly audit   '@types/react': [ '19.2.14' ],
363 silly audit   '@types/react-dom': [ '19.2.3' ],
363 silly audit   '@typescript-eslint/eslint-plugin': [ '8.57.0' ],
363 silly audit   ignore: [ '7.0.5', '5.3.2' ],
363 silly audit   '@typescript-eslint/parser': [ '8.57.0' ],
363 silly audit   '@typescript-eslint/project-service': [ '8.57.0' ],
363 silly audit   '@typescript-eslint/scope-manager': [ '8.57.0' ],
363 silly audit   '@typescript-eslint/tsconfig-utils': [ '8.57.0' ],
363 silly audit   '@typescript-eslint/type-utils': [ '8.57.0' ],
363 silly audit   '@typescript-eslint/types': [ '8.57.0' ],
363 silly audit   '@typescript-eslint/typescript-estree': [ '8.57.0' ],
363 silly audit   'balanced-match': [ '4.0.4', '1.0.2' ],
363 silly audit   'brace-expansion': [ '5.0.4', '1.1.12' ],
363 silly audit   minimatch: [ '10.2.4', '3.1.5' ],
363 silly audit   semver: [ '7.7.4', '6.3.1' ],
363 silly audit   '@typescript-eslint/utils': [ '8.57.0' ],
363 silly audit   '@typescript-eslint/visitor-keys': [ '8.57.0' ],
363 silly audit   '@unrs/resolver-binding-android-arm-eabi': [ '1.11.1' ],
363 silly audit   '@unrs/resolver-binding-android-arm64': [ '1.11.1' ],
363 silly audit   '@unrs/resolver-binding-darwin-arm64': [ '1.11.1' ],
363 silly audit   '@unrs/resolver-binding-darwin-x64': [ '1.11.1' ],
363 silly audit   '@unrs/resolver-binding-freebsd-x64': [ '1.11.1' ],
363 silly audit   '@unrs/resolver-binding-linux-arm-gnueabihf': [ '1.11.1' ],
363 silly audit   '@unrs/resolver-binding-linux-arm-musleabihf': [ '1.11.1' ],
363 silly audit   '@unrs/resolver-binding-linux-arm64-gnu': [ '1.11.1' ],
363 silly audit   '@unrs/resolver-binding-linux-arm64-musl': [ '1.11.1' ],
363 silly audit   '@unrs/resolver-binding-linux-ppc64-gnu': [ '1.11.1' ],
363 silly audit   '@unrs/resolver-binding-linux-riscv64-gnu': [ '1.11.1' ],
363 silly audit   '@unrs/resolver-binding-linux-riscv64-musl': [ '1.11.1' ],
363 silly audit   '@unrs/resolver-binding-linux-s390x-gnu': [ '1.11.1' ],
363 silly audit   '@unrs/resolver-binding-linux-x64-gnu': [ '1.11.1' ],
363 silly audit   '@unrs/resolver-binding-linux-x64-musl': [ '1.11.1' ],
363 silly audit   '@unrs/resolver-binding-wasm32-wasi': [ '1.11.1' ],
363 silly audit   '@unrs/resolver-binding-win32-arm64-msvc': [ '1.11.1' ],
363 silly audit   '@unrs/resolver-binding-win32-ia32-msvc': [ '1.11.1' ],
363 silly audit   '@unrs/resolver-binding-win32-x64-msvc': [ '1.11.1' ],
363 silly audit   acorn: [ '8.16.0' ],
363 silly audit   'acorn-jsx': [ '5.3.2' ],
363 silly audit   ajv: [ '6.14.0' ],
363 silly audit   'ansi-styles': [ '4.3.0' ],
363 silly audit   argparse: [ '2.0.1' ],
363 silly audit   'aria-query': [ '5.3.2' ],
363 silly audit   'array-buffer-byte-length': [ '1.0.2' ],
363 silly audit   'array-includes': [ '3.1.9' ],
363 silly audit   'array.prototype.findlast': [ '1.2.5' ],
363 silly audit   'array.prototype.findlastindex': [ '1.2.6' ],
363 silly audit   'array.prototype.flat': [ '1.3.3' ],
363 silly audit   'array.prototype.flatmap': [ '1.3.3' ],
363 silly audit   'array.prototype.tosorted': [ '1.1.4' ],
363 silly audit   'arraybuffer.prototype.slice': [ '1.0.4' ],
363 silly audit   'ast-types-flow': [ '0.0.8' ],
363 silly audit   'async-function': [ '1.0.0' ],
363 silly audit   'available-typed-arrays': [ '1.0.7' ],
363 silly audit   'axe-core': [ '4.11.1' ],
363 silly audit   'axobject-query': [ '4.1.0' ],
363 silly audit   'baseline-browser-mapping': [ '2.10.7' ],
363 silly audit   braces: [ '3.0.3' ],
363 silly audit   browserslist: [ '4.28.1' ],
363 silly audit   'call-bind': [ '1.0.8' ],
363 silly audit   'call-bind-apply-helpers': [ '1.0.2' ],
363 silly audit   'call-bound': [ '1.0.4' ],
363 silly audit   callsites: [ '3.1.0' ],
363 silly audit   'caniuse-lite': [ '1.0.30001778' ],
363 silly audit   chalk: [ '4.1.2' ],
363 silly audit   'client-only': [ '0.0.1' ],
363 silly audit   'color-convert': [ '2.0.1' ],
363 silly audit   'color-name': [ '1.1.4' ],
363 silly audit   'concat-map': [ '0.0.1' ],
363 silly audit   'convert-source-map': [ '2.0.0' ],
363 silly audit   'cross-spawn': [ '7.0.6' ],
363 silly audit   csstype: [ '3.2.3' ],
363 silly audit   'damerau-levenshtein': [ '1.0.8' ],
363 silly audit   'data-view-buffer': [ '1.0.2' ],
363 silly audit   'data-view-byte-length': [ '1.0.2' ],
363 silly audit   'data-view-byte-offset': [ '1.0.1' ],
363 silly audit   debug: [ '4.4.3', '3.2.7' ],
363 silly audit   'deep-is': [ '0.1.4' ],
363 silly audit   'define-data-property': [ '1.1.4' ],
363 silly audit   'define-properties': [ '1.2.1' ],
363 silly audit   'detect-libc': [ '2.1.2' ],
363 silly audit   doctrine: [ '2.1.0' ],
363 silly audit   'dunder-proto': [ '1.0.1' ],
363 silly audit   'electron-to-chromium': [ '1.5.313' ],
363 silly audit   'emoji-regex': [ '9.2.2' ],
363 silly audit   'enhanced-resolve': [ '5.20.0' ],
363 silly audit   'es-abstract': [ '1.24.1' ],
363 silly audit   'es-define-property': [ '1.0.1' ],
363 silly audit   'es-errors': [ '1.3.0' ],
363 silly audit   'es-iterator-helpers': [ '1.3.1' ],
363 silly audit   'es-object-atoms': [ '1.1.1' ],
363 silly audit   'es-set-tostringtag': [ '2.1.0' ],
363 silly audit   'es-shim-unscopables': [ '1.1.0' ],
363 silly audit   'es-to-primitive': [ '1.3.0' ],
363 silly audit   escalade: [ '3.2.0' ],
363 silly audit   'escape-string-regexp': [ '4.0.0' ],
363 silly audit   eslint: [ '9.39.4' ],
363 silly audit   'eslint-config-next': [ '16.1.6' ],
363 silly audit   globals: [ '16.4.0', '14.0.0' ],
363 silly audit   'eslint-import-resolver-node': [ '0.3.9' ],
363 silly audit   'eslint-import-resolver-typescript': [ '3.10.1' ],
363 silly audit   'eslint-module-utils': [ '2.12.1' ],
363 silly audit   'eslint-plugin-import': [ '2.32.0' ],
363 silly audit   'eslint-plugin-jsx-a11y': [ '6.10.2' ],
363 silly audit   'eslint-plugin-react': [ '7.37.5' ],
363 silly audit   'eslint-plugin-react-hooks': [ '7.0.1' ],
363 silly audit   resolve: [ '2.0.0-next.6', '1.22.11' ],
363 silly audit   'eslint-scope': [ '8.4.0' ],
363 silly audit   espree: [ '10.4.0' ],
363 silly audit   esquery: [ '1.7.0' ],
363 silly audit   esrecurse: [ '4.3.0' ],
363 silly audit   estraverse: [ '5.3.0' ],
363 silly audit   esutils: [ '2.0.3' ],
363 silly audit   'fast-deep-equal': [ '3.1.3' ],
363 silly audit   'fast-glob': [ '3.3.1' ],
363 silly audit   'glob-parent': [ '5.1.2', '6.0.2' ],
363 silly audit   'fast-json-stable-stringify': [ '2.1.0' ],
363 silly audit   'fast-levenshtein': [ '2.0.6' ],
363 silly audit   fastq: [ '1.20.1' ],
363 silly audit   'file-entry-cache': [ '8.0.0' ],
363 silly audit   'fill-range': [ '7.1.1' ],
363 silly audit   'find-up': [ '5.0.0' ],
363 silly audit   'flat-cache': [ '4.0.1' ],
363 silly audit   flatted: [ '3.4.1' ],
363 silly audit   'for-each': [ '0.3.5' ],
363 silly audit   'function-bind': [ '1.1.2' ],
363 silly audit   'function.prototype.name': [ '1.1.8' ],
363 silly audit   'functions-have-names': [ '1.2.3' ],
363 silly audit   'generator-function': [ '2.0.1' ],
363 silly audit   gensync: [ '1.0.0-beta.2' ],
363 silly audit   'get-intrinsic': [ '1.3.0' ],
363 silly audit   'get-proto': [ '1.0.1' ],
363 silly audit   'get-symbol-description': [ '1.1.0' ],
363 silly audit   'get-tsconfig': [ '4.13.6' ],
363 silly audit   globalthis: [ '1.0.4' ],
363 silly audit   gopd: [ '1.2.0' ],
363 silly audit   'graceful-fs': [ '4.2.11' ],
363 silly audit   'has-bigints': [ '1.1.0' ],
363 silly audit   'has-flag': [ '4.0.0' ],
363 silly audit   'has-property-descriptors': [ '1.0.2' ],
363 silly audit   'has-proto': [ '1.2.0' ],
363 silly audit   'has-symbols': [ '1.1.0' ],
363 silly audit   'has-tostringtag': [ '1.0.2' ],
363 silly audit   hasown: [ '2.0.2' ],
363 silly audit   'hermes-estree': [ '0.25.1' ],
363 silly audit   'hermes-parser': [ '0.25.1' ],
363 silly audit   'import-fresh': [ '3.3.1' ],
363 silly audit   imurmurhash: [ '0.1.4' ],
363 silly audit   'internal-slot': [ '1.1.0' ],
363 silly audit   'is-array-buffer': [ '3.0.5' ],
363 silly audit   'is-async-function': [ '2.1.1' ],
363 silly audit   'is-bigint': [ '1.1.0' ],
363 silly audit   'is-boolean-object': [ '1.2.2' ],
363 silly audit   'is-bun-module': [ '2.0.0' ],
363 silly audit   'is-callable': [ '1.2.7' ],
363 silly audit   'is-core-module': [ '2.16.1' ],
363 silly audit   'is-data-view': [ '1.0.2' ],
363 silly audit   'is-date-object': [ '1.1.0' ],
363 silly audit   'is-extglob': [ '2.1.1' ],
363 silly audit   'is-finalizationregistry': [ '1.1.1' ],
363 silly audit   'is-generator-function': [ '1.1.2' ],
363 silly audit   'is-glob': [ '4.0.3' ],
363 silly audit   'is-map': [ '2.0.3' ],
363 silly audit   'is-negative-zero': [ '2.0.3' ],
363 silly audit   'is-number': [ '7.0.0' ],
363 silly audit   'is-number-object': [ '1.1.1' ],
363 silly audit   'is-regex': [ '1.2.1' ],
363 silly audit   'is-set': [ '2.0.3' ],
363 silly audit   'is-shared-array-buffer': [ '1.0.4' ],
363 silly audit   'is-string': [ '1.1.1' ],
363 silly audit   'is-symbol': [ '1.1.1' ],
363 silly audit   'is-typed-array': [ '1.1.15' ],
363 silly audit   'is-weakmap': [ '2.0.2' ],
363 silly audit   'is-weakref': [ '1.1.1' ],
363 silly audit   'is-weakset': [ '2.0.4' ],
363 silly audit   isarray: [ '2.0.5' ],
363 silly audit   isexe: [ '2.0.0' ],
363 silly audit   'iterator.prototype': [ '1.1.5' ],
363 silly audit   jiti: [ '2.6.1' ],
363 silly audit   'js-tokens': [ '4.0.0' ],
363 silly audit   'js-yaml': [ '4.1.1' ],
363 silly audit   jsesc: [ '3.1.0' ],
363 silly audit   'json-buffer': [ '3.0.1' ],
363 silly audit   'json-schema-traverse': [ '0.4.1' ],
363 silly audit   'json-stable-stringify-without-jsonify': [ '1.0.1' ],
363 silly audit   json5: [ '2.2.3', '1.0.2' ],
363 silly audit   'jsx-ast-utils': [ '3.3.5' ],
363 silly audit   keyv: [ '4.5.4' ],
363 silly audit   'language-subtag-registry': [ '0.3.23' ],
363 silly audit   'language-tags': [ '1.0.9' ],
363 silly audit   levn: [ '0.4.1' ],
363 silly audit   lightningcss: [ '1.31.1' ],
363 silly audit   'lightningcss-android-arm64': [ '1.31.1' ],
363 silly audit   'lightningcss-darwin-arm64': [ '1.31.1' ],
363 silly audit   'lightningcss-darwin-x64': [ '1.31.1' ],
363 silly audit   'lightningcss-freebsd-x64': [ '1.31.1' ],
363 silly audit   'lightningcss-linux-arm-gnueabihf': [ '1.31.1' ],
363 silly audit   'lightningcss-linux-arm64-gnu': [ '1.31.1' ],
363 silly audit   'lightningcss-linux-arm64-musl': [ '1.31.1' ],
363 silly audit   'lightningcss-linux-x64-gnu': [ '1.31.1' ],
363 silly audit   'lightningcss-linux-x64-musl': [ '1.31.1' ],
363 silly audit   'lightningcss-win32-arm64-msvc': [ '1.31.1' ],
363 silly audit   'lightningcss-win32-x64-msvc': [ '1.31.1' ],
363 silly audit   'locate-path': [ '6.0.0' ],
363 silly audit   'lodash.merge': [ '4.6.2' ],
363 silly audit   'loose-envify': [ '1.4.0' ],
363 silly audit   'lru-cache': [ '5.1.1' ],
363 silly audit   'magic-string': [ '0.30.21' ],
363 silly audit   'math-intrinsics': [ '1.1.0' ],
363 silly audit   merge2: [ '1.4.1' ],
363 silly audit   micromatch: [ '4.0.8' ],
363 silly audit   minimist: [ '1.2.8' ],
363 silly audit   ms: [ '2.1.3' ],
363 silly audit   nanoid: [ '3.3.11' ],
363 silly audit   'napi-postinstall': [ '0.3.4' ],
363 silly audit   'natural-compare': [ '1.4.0' ],
363 silly audit   next: [ '16.1.6' ],
363 silly audit   postcss: [ '8.4.31', '8.5.8' ],
363 silly audit   'node-exports-info': [ '1.6.0' ],
363 silly audit   'node-releases': [ '2.0.36' ],
363 silly audit   'object-assign': [ '4.1.1' ],
363 silly audit   'object-inspect': [ '1.13.4' ],
363 silly audit   'object-keys': [ '1.1.1' ],
363 silly audit   'object.assign': [ '4.1.7' ],
363 silly audit   'object.entries': [ '1.1.9' ],
363 silly audit   'object.fromentries': [ '2.0.8' ],
363 silly audit   'object.groupby': [ '1.0.3' ],
363 silly audit   'object.values': [ '1.2.1' ],
363 silly audit   optionator: [ '0.9.4' ],
363 silly audit   'own-keys': [ '1.0.1' ],
363 silly audit   'p-limit': [ '3.1.0' ],
363 silly audit   'p-locate': [ '5.0.0' ],
363 silly audit   'parent-module': [ '1.0.1' ],
363 silly audit   'path-exists': [ '4.0.0' ],
363 silly audit   'path-key': [ '3.1.1' ],
363 silly audit   'path-parse': [ '1.0.7' ],
363 silly audit   picocolors: [ '1.1.1' ],
363 silly audit   picomatch: [ '2.3.1', '4.0.3' ],
363 silly audit   'possible-typed-array-names': [ '1.1.0' ],
363 silly audit   'prelude-ls': [ '1.2.1' ],
363 silly audit   'prop-types': [ '15.8.1' ],
363 silly audit   punycode: [ '2.3.1' ],
363 silly audit   'queue-microtask': [ '1.2.3' ],
363 silly audit   react: [ '19.2.3' ],
363 silly audit   'react-dom': [ '19.2.3' ],
363 silly audit   'react-is': [ '16.13.1' ],
363 silly audit   'reflect.getprototypeof': [ '1.0.10' ],
363 silly audit   'regexp.prototype.flags': [ '1.5.4' ],
363 silly audit   'resolve-from': [ '4.0.0' ],
363 silly audit   'resolve-pkg-maps': [ '1.0.0' ],
363 silly audit   reusify: [ '1.1.0' ],
363 silly audit   'run-parallel': [ '1.2.0' ],
363 silly audit   'safe-array-concat': [ '1.1.3' ],
363 silly audit   'safe-push-apply': [ '1.0.0' ],
363 silly audit   'safe-regex-test': [ '1.1.0' ],
363 silly audit   scheduler: [ '0.27.0' ],
363 silly audit   'set-function-length': [ '1.2.2' ],
363 silly audit   'set-function-name': [ '2.0.2' ],
363 silly audit   'set-proto': [ '1.0.0' ],
363 silly audit   sharp: [ '0.34.5' ],
363 silly audit   'shebang-command': [ '2.0.0' ],
363 silly audit   'shebang-regex': [ '3.0.0' ],
363 silly audit   'side-channel': [ '1.1.0' ],
363 silly audit   'side-channel-list': [ '1.0.0' ],
363 silly audit   'side-channel-map': [ '1.0.1' ],
363 silly audit   'side-channel-weakmap': [ '1.0.2' ],
363 silly audit   'source-map-js': [ '1.2.1' ],
363 silly audit   'stable-hash': [ '0.0.5' ],
363 silly audit   'stop-iteration-iterator': [ '1.1.0' ],
363 silly audit   'string.prototype.includes': [ '2.0.1' ],
363 silly audit   'string.prototype.matchall': [ '4.0.12' ],
363 silly audit   'string.prototype.repeat': [ '1.0.0' ],
363 silly audit   'string.prototype.trim': [ '1.2.10' ],
363 silly audit   'string.prototype.trimend': [ '1.0.9' ],
363 silly audit   'string.prototype.trimstart': [ '1.0.8' ],
363 silly audit   'strip-bom': [ '3.0.0' ],
363 silly audit   'strip-json-comments': [ '3.1.1', '2.0.1' ],
363 silly audit   'styled-jsx': [ '5.1.6' ],
363 silly audit   'supports-color': [ '7.2.0' ],
363 silly audit   'supports-preserve-symlinks-flag': [ '1.0.0' ],
363 silly audit   tailwindcss: [ '4.2.1' ],
363 silly audit   tapable: [ '2.3.0' ],
363 silly audit   tinyglobby: [ '0.2.15' ],
363 silly audit   fdir: [ '6.5.0' ],
363 silly audit   'to-regex-range': [ '5.0.1' ],
363 silly audit   'ts-api-utils': [ '2.4.0' ],
363 silly audit   'tsconfig-paths': [ '3.15.0' ],
363 silly audit   tslib: [ '2.8.1' ],
363 silly audit   'type-check': [ '0.4.0' ],
363 silly audit   'typed-array-buffer': [ '1.0.3' ],
363 silly audit   'typed-array-byte-length': [ '1.0.3' ],
363 silly audit   'typed-array-byte-offset': [ '1.0.4' ],
363 silly audit   'typed-array-length': [ '1.0.7' ],
363 silly audit   typescript: [ '5.9.3' ],
363 silly audit   'typescript-eslint': [ '8.57.0' ],
363 silly audit   'unbox-primitive': [ '1.1.0' ],
363 silly audit   'undici-types': [ '6.21.0' ],
363 silly audit   'unrs-resolver': [ '1.11.1' ],
363 silly audit   'update-browserslist-db': [ '1.2.3' ],
363 silly audit   'uri-js': [ '4.4.1' ],
363 silly audit   which: [ '2.0.2' ],
363 silly audit   'which-boxed-primitive': [ '1.1.1' ],
363 silly audit   'which-builtin-type': [ '1.2.1' ],
363 silly audit   'which-collection': [ '1.0.2' ],
363 silly audit   'which-typed-array': [ '1.1.20' ],
363 silly audit   'word-wrap': [ '1.2.5' ],
363 silly audit   yallist: [ '3.1.1' ],
363 silly audit   'yocto-queue': [ '0.1.0' ],
363 silly audit   'zod-validation-error': [ '4.0.2' ],
363 silly audit   'better-sqlite3': [ '12.6.2' ],
363 silly audit   cheerio: [ '1.2.0' ],
363 silly audit   'lucide-react': [ '0.577.0' ],
363 silly audit   zod: [ '4.3.6' ],
363 silly audit   bindings: [ '1.5.0' ],
363 silly audit   'prebuild-install': [ '7.1.3' ],
363 silly audit   'file-uri-to-path': [ '1.0.0' ],
363 silly audit   'cheerio-select': [ '2.1.0' ],
363 silly audit   'dom-serializer': [ '2.0.0' ],
363 silly audit   domhandler: [ '5.0.3' ],
363 silly audit   domutils: [ '3.2.2' ],
363 silly audit   'encoding-sniffer': [ '0.2.1' ],
363 silly audit   htmlparser2: [ '10.1.0' ],
363 silly audit   parse5: [ '7.3.0' ],
363 silly audit   'parse5-htmlparser2-tree-adapter': [ '7.1.0' ],
363 silly audit   'parse5-parser-stream': [ '7.1.2' ],
363 silly audit   undici: [ '7.24.1' ],
363 silly audit   'whatwg-mimetype': [ '4.0.0' ],
363 silly audit   boolbase: [ '1.0.0' ],
363 silly audit   'css-select': [ '5.2.2' ],
363 silly audit   'css-what': [ '6.2.2' ],
363 silly audit   domelementtype: [ '2.3.0' ],
363 silly audit   'nth-check': [ '2.1.1' ],
363 silly audit   entities: [ '4.5.0', '7.0.1', '6.0.1' ],
363 silly audit   'iconv-lite': [ '0.6.3' ],
363 silly audit   'whatwg-encoding': [ '3.1.1' ],
363 silly audit   'safer-buffer': [ '2.1.2' ],
363 silly audit   'expand-template': [ '2.0.3' ],
363 silly audit   'github-from-package': [ '0.0.0' ],
363 silly audit   'mkdirp-classic': [ '0.5.3' ],
363 silly audit   'napi-build-utils': [ '2.0.0' ],
363 silly audit   'node-abi': [ '3.88.0' ],
363 silly audit   pump: [ '3.0.4' ],
363 silly audit   rc: [ '1.2.8' ],
363 silly audit   'simple-get': [ '4.0.1' ],
363 silly audit   'tar-fs': [ '2.1.4' ],
363 silly audit   'tunnel-agent': [ '0.6.0' ],
363 silly audit   'end-of-stream': [ '1.4.5' ],
363 silly audit   once: [ '1.4.0' ],
363 silly audit   wrappy: [ '1.0.2' ],
363 silly audit   'deep-extend': [ '0.6.0' ],
363 silly audit   ini: [ '1.3.8' ],
363 silly audit   'decompress-response': [ '6.0.0' ],
363 silly audit   'simple-concat': [ '1.0.1' ],
363 silly audit   'mimic-response': [ '3.1.0' ],
363 silly audit   chownr: [ '1.1.4' ],
363 silly audit   'tar-stream': [ '2.2.0' ],
363 silly audit   bl: [ '4.1.0' ],
363 silly audit   'fs-constants': [ '1.0.0' ],
363 silly audit   inherits: [ '2.0.4' ],
363 silly audit   'readable-stream': [ '3.6.2' ],
363 silly audit   buffer: [ '5.7.1' ],
363 silly audit   'base64-js': [ '1.5.1' ],
363 silly audit   ieee754: [ '1.2.1' ],
363 silly audit   string_decoder: [ '1.3.0' ],
363 silly audit   'util-deprecate': [ '1.0.2' ],
363 silly audit   'safe-buffer': [ '5.2.1' ]
363 silly audit }
364 http cache safe-buffer@https://registry.npmjs.org/safe-buffer/-/safe-buffer-5.2.1.tgz 0ms (cache hit)
365 http cache ieee754@https://registry.npmjs.org/ieee754/-/ieee754-1.2.1.tgz 0ms (cache hit)
366 http cache util-deprecate@https://registry.npmjs.org/util-deprecate/-/util-deprecate-1.0.2.tgz 0ms (cache hit)
367 http cache base64-js@https://registry.npmjs.org/base64-js/-/base64-js-1.5.1.tgz 0ms (cache hit)
368 http cache string_decoder@https://registry.npmjs.org/string_decoder/-/string_decoder-1.3.0.tgz 0ms (cache hit)
369 http cache buffer@https://registry.npmjs.org/buffer/-/buffer-5.7.1.tgz 0ms (cache hit)
370 http cache readable-stream@https://registry.npmjs.org/readable-stream/-/readable-stream-3.6.2.tgz 0ms (cache hit)
371 http cache fs-constants@https://registry.npmjs.org/fs-constants/-/fs-constants-1.0.0.tgz 0ms (cache hit)
372 http cache inherits@https://registry.npmjs.org/inherits/-/inherits-2.0.4.tgz 0ms (cache hit)
373 http cache tar-stream@https://registry.npmjs.org/tar-stream/-/tar-stream-2.2.0.tgz 0ms (cache hit)
374 http cache bl@https://registry.npmjs.org/bl/-/bl-4.1.0.tgz 0ms (cache hit)
375 http cache chownr@https://registry.npmjs.org/chownr/-/chownr-1.1.4.tgz 0ms (cache hit)
376 http cache mimic-response@https://registry.npmjs.org/mimic-response/-/mimic-response-3.1.0.tgz 0ms (cache hit)
377 http cache simple-concat@https://registry.npmjs.org/simple-concat/-/simple-concat-1.0.1.tgz 0ms (cache hit)
378 http cache ini@https://registry.npmjs.org/ini/-/ini-1.3.8.tgz 0ms (cache hit)
379 http cache deep-extend@https://registry.npmjs.org/deep-extend/-/deep-extend-0.6.0.tgz 0ms (cache hit)
380 http cache wrappy@https://registry.npmjs.org/wrappy/-/wrappy-1.0.2.tgz 0ms (cache hit)
381 http cache decompress-response@https://registry.npmjs.org/decompress-response/-/decompress-response-6.0.0.tgz 0ms (cache hit)
382 http cache once@https://registry.npmjs.org/once/-/once-1.4.0.tgz 0ms (cache hit)
383 http cache end-of-stream@https://registry.npmjs.org/end-of-stream/-/end-of-stream-1.4.5.tgz 0ms (cache hit)
384 http cache tunnel-agent@https://registry.npmjs.org/tunnel-agent/-/tunnel-agent-0.6.0.tgz 0ms (cache hit)
385 http cache tar-fs@https://registry.npmjs.org/tar-fs/-/tar-fs-2.1.4.tgz 0ms (cache hit)
386 http cache simple-get@https://registry.npmjs.org/simple-get/-/simple-get-4.0.1.tgz 0ms (cache hit)
387 http cache rc@https://registry.npmjs.org/rc/-/rc-1.2.8.tgz 0ms (cache hit)
388 http cache pump@https://registry.npmjs.org/pump/-/pump-3.0.4.tgz 0ms (cache hit)
389 http cache napi-build-utils@https://registry.npmjs.org/napi-build-utils/-/napi-build-utils-2.0.0.tgz 0ms (cache hit)
390 http cache mkdirp-classic@https://registry.npmjs.org/mkdirp-classic/-/mkdirp-classic-0.5.3.tgz 0ms (cache hit)
391 http cache github-from-package@https://registry.npmjs.org/github-from-package/-/github-from-package-0.0.0.tgz 0ms (cache hit)
392 http cache expand-template@https://registry.npmjs.org/expand-template/-/expand-template-2.0.3.tgz 0ms (cache hit)
393 http cache safer-buffer@https://registry.npmjs.org/safer-buffer/-/safer-buffer-2.1.2.tgz 0ms (cache hit)
394 http cache whatwg-encoding@https://registry.npmjs.org/whatwg-encoding/-/whatwg-encoding-3.1.1.tgz 0ms (cache hit)
395 http cache iconv-lite@https://registry.npmjs.org/iconv-lite/-/iconv-lite-0.6.3.tgz 0ms (cache hit)
396 http cache node-abi@https://registry.npmjs.org/node-abi/-/node-abi-3.88.0.tgz 0ms (cache hit)
397 http cache entities@https://registry.npmjs.org/entities/-/entities-4.5.0.tgz 0ms (cache hit)
398 http cache nth-check@https://registry.npmjs.org/nth-check/-/nth-check-2.1.1.tgz 0ms (cache hit)
399 http cache domelementtype@https://registry.npmjs.org/domelementtype/-/domelementtype-2.3.0.tgz 0ms (cache hit)
400 http cache css-select@https://registry.npmjs.org/css-select/-/css-select-5.2.2.tgz 0ms (cache hit)
401 http cache boolbase@https://registry.npmjs.org/boolbase/-/boolbase-1.0.0.tgz 0ms (cache hit)
402 http cache css-what@https://registry.npmjs.org/css-what/-/css-what-6.2.2.tgz 0ms (cache hit)
403 http cache whatwg-mimetype@https://registry.npmjs.org/whatwg-mimetype/-/whatwg-mimetype-4.0.0.tgz 0ms (cache hit)
404 http cache undici@https://registry.npmjs.org/undici/-/undici-7.24.1.tgz 0ms (cache hit)
405 http cache parse5-parser-stream@https://registry.npmjs.org/parse5-parser-stream/-/parse5-parser-stream-7.1.2.tgz 0ms (cache hit)
406 http cache parse5@https://registry.npmjs.org/parse5/-/parse5-7.3.0.tgz 0ms (cache hit)
407 http cache parse5-htmlparser2-tree-adapter@https://registry.npmjs.org/parse5-htmlparser2-tree-adapter/-/parse5-htmlparser2-tree-adapter-7.1.0.tgz 0ms (cache hit)
408 http cache htmlparser2@https://registry.npmjs.org/htmlparser2/-/htmlparser2-10.1.0.tgz 0ms (cache hit)
409 http cache encoding-sniffer@https://registry.npmjs.org/encoding-sniffer/-/encoding-sniffer-0.2.1.tgz 0ms (cache hit)
410 http cache domutils@https://registry.npmjs.org/domutils/-/domutils-3.2.2.tgz 0ms (cache hit)
411 http cache domhandler@https://registry.npmjs.org/domhandler/-/domhandler-5.0.3.tgz 0ms (cache hit)
412 http cache dom-serializer@https://registry.npmjs.org/dom-serializer/-/dom-serializer-2.0.0.tgz 0ms (cache hit)
413 http cache cheerio-select@https://registry.npmjs.org/cheerio-select/-/cheerio-select-2.1.0.tgz 0ms (cache hit)
414 http cache file-uri-to-path@https://registry.npmjs.org/file-uri-to-path/-/file-uri-to-path-1.0.0.tgz 0ms (cache hit)
415 http cache prebuild-install@https://registry.npmjs.org/prebuild-install/-/prebuild-install-7.1.3.tgz 0ms (cache hit)
416 http cache bindings@https://registry.npmjs.org/bindings/-/bindings-1.5.0.tgz 0ms (cache hit)
417 http cache lucide-react@https://registry.npmjs.org/lucide-react/-/lucide-react-0.577.0.tgz 0ms (cache hit)
418 http cache cheerio@https://registry.npmjs.org/cheerio/-/cheerio-1.2.0.tgz 0ms (cache hit)
419 http cache better-sqlite3@https://registry.npmjs.org/better-sqlite3/-/better-sqlite3-12.6.2.tgz 0ms (cache hit)
420 http cache strip-json-comments@https://registry.npmjs.org/strip-json-comments/-/strip-json-comments-2.0.1.tgz 0ms (cache hit)
421 http cache semver@https://registry.npmjs.org/semver/-/semver-7.7.4.tgz 0ms (cache hit)
422 http cache entities@https://registry.npmjs.org/entities/-/entities-7.0.1.tgz 0ms (cache hit)
423 http cache entities@https://registry.npmjs.org/entities/-/entities-6.0.1.tgz 0ms (cache hit)
424 silly tarball no local data for undici@https://registry.npmjs.org/undici/-/undici-7.24.1.tgz. Extracting by manifest.
425 silly tarball no local data for domhandler@https://registry.npmjs.org/domhandler/-/domhandler-5.0.3.tgz. Extracting by manifest.
426 silly tarball no local data for dom-serializer@https://registry.npmjs.org/dom-serializer/-/dom-serializer-2.0.0.tgz. Extracting by manifest.
427 silly tarball no local data for lucide-react@https://registry.npmjs.org/lucide-react/-/lucide-react-0.577.0.tgz. Extracting by manifest.
428 silly tarball no local data for cheerio@https://registry.npmjs.org/cheerio/-/cheerio-1.2.0.tgz. Extracting by manifest.
429 silly tarball no local data for better-sqlite3@https://registry.npmjs.org/better-sqlite3/-/better-sqlite3-12.6.2.tgz. Extracting by manifest.
430 silly tarball no local data for strip-json-comments@https://registry.npmjs.org/strip-json-comments/-/strip-json-comments-2.0.1.tgz. Extracting by manifest.
431 silly tarball no local data for entities@https://registry.npmjs.org/entities/-/entities-7.0.1.tgz. Extracting by manifest.
432 silly tarball no local data for entities@https://registry.npmjs.org/entities/-/entities-6.0.1.tgz. Extracting by manifest.
433 warn deprecated whatwg-encoding@3.1.1: Use @exodus/bytes instead for a more spec-conformant and faster implementation
434 warn deprecated prebuild-install@7.1.3: No longer maintained. Please contact the author of the relevant native addon; alternatives are available.
435 http fetch POST 200 https://registry.npmjs.org/-/npm/v1/security/advisories/bulk 334ms
436 silly audit report {}
437 http fetch GET 200 https://registry.npmjs.org/domhandler/-/domhandler-5.0.3.tgz 845ms (cache miss)
438 http fetch GET 200 https://registry.npmjs.org/dom-serializer/-/dom-serializer-2.0.0.tgz 853ms (cache miss)
439 http fetch GET 200 https://registry.npmjs.org/cheerio/-/cheerio-1.2.0.tgz 1351ms (cache miss)
440 http fetch GET 200 https://registry.npmjs.org/entities/-/entities-6.0.1.tgz 1372ms (cache miss)
441 http fetch GET 200 https://registry.npmjs.org/strip-json-comments/-/strip-json-comments-2.0.1.tgz 1747ms (cache miss)
442 http fetch GET 200 https://registry.npmjs.org/entities/-/entities-7.0.1.tgz 1757ms (cache miss)
443 http fetch GET 200 https://registry.npmjs.org/undici/-/undici-7.24.1.tgz 2301ms (cache miss)
444 http fetch GET 200 https://registry.npmjs.org/better-sqlite3/-/better-sqlite3-12.6.2.tgz 8326ms (cache miss)
445 http fetch GET 200 https://registry.npmjs.org/lucide-react/-/lucide-react-0.577.0.tgz 9159ms (cache miss)
446 info run better-sqlite3@12.6.2 install node_modules/better-sqlite3 prebuild-install || node-gyp rebuild --release
447 info run better-sqlite3@12.6.2 install { code: 0, signal: null }
448 silly ADD node_modules/safe-buffer
449 silly ADD node_modules/util-deprecate
450 silly ADD node_modules/string_decoder
451 silly ADD node_modules/ieee754
452 silly ADD node_modules/base64-js
453 silly ADD node_modules/buffer
454 silly ADD node_modules/readable-stream
455 silly ADD node_modules/inherits
456 silly ADD node_modules/fs-constants
457 silly ADD node_modules/bl
458 silly ADD node_modules/tar-stream
459 silly ADD node_modules/chownr
460 silly ADD node_modules/mimic-response
461 silly ADD node_modules/simple-concat
462 silly ADD node_modules/decompress-response
463 silly ADD node_modules/ini
464 silly ADD node_modules/deep-extend
465 silly ADD node_modules/wrappy
466 silly ADD node_modules/once
467 silly ADD node_modules/end-of-stream
468 silly ADD node_modules/tunnel-agent
469 silly ADD node_modules/tar-fs
470 silly ADD node_modules/simple-get
471 silly ADD node_modules/rc
472 silly ADD node_modules/rc/node_modules/strip-json-comments
473 silly ADD node_modules/pump
474 silly ADD node_modules/node-abi
475 silly ADD node_modules/node-abi/node_modules/semver
476 silly ADD node_modules/napi-build-utils
477 silly ADD node_modules/mkdirp-classic
478 silly ADD node_modules/github-from-package
479 silly ADD node_modules/expand-template
480 silly ADD node_modules/safer-buffer
481 silly ADD node_modules/whatwg-encoding
482 silly ADD node_modules/iconv-lite
483 silly ADD node_modules/entities
484 silly ADD node_modules/nth-check
485 silly ADD node_modules/domelementtype
486 silly ADD node_modules/css-what
487 silly ADD node_modules/css-select
488 silly ADD node_modules/boolbase
489 silly ADD node_modules/whatwg-mimetype
490 silly ADD node_modules/undici
491 silly ADD node_modules/parse5-parser-stream
492 silly ADD node_modules/parse5-htmlparser2-tree-adapter
493 silly ADD node_modules/parse5
494 silly ADD node_modules/parse5/node_modules/entities
495 silly ADD node_modules/htmlparser2
496 silly ADD node_modules/htmlparser2/node_modules/entities
497 silly ADD node_modules/encoding-sniffer
498 silly ADD node_modules/domutils
499 silly ADD node_modules/domhandler
500 silly ADD node_modules/dom-serializer
501 silly ADD node_modules/cheerio-select
502 silly ADD node_modules/file-uri-to-path
503 silly ADD node_modules/prebuild-install
504 silly ADD node_modules/bindings
505 silly ADD node_modules/lucide-react
506 silly ADD node_modules/cheerio
507 silly ADD node_modules/better-sqlite3
508 verbose cwd C:\Users\Administrator\Desktop\xiaoxm\douban-reborn
509 verbose os Windows_NT 10.0.19045
510 verbose node v24.14.0
511 verbose npm  v11.9.0
512 verbose exit 0
513 info ok
